Iteration	Posterior	Likelihood	Prior	rate_log_sd	tree_length
0	-4443.58	-5446.039	1002.459	1.913815	9.568979
6	-4441.567	-5445.307	1003.74	1.95653	8.868763
12	-4427.011	-5428.088	1001.077	2.01665	10.24239
18	-4445.746	-5444.667	998.9205	1.79476	11.48903
24	-4432.758	-5433.608	1000.849	1.809963	10.47056
30	-4437.992	-5439.902	1001.91	1.847546	9.893126
36	-4448.121	-5444.773	996.6523	1.648078	12.74848
42	-4443.254	-5442.498	999.2442	1.65976	11.39037
48	-4449.436	-5448.695	999.2582	1.645793	11.39037
54	-4470.911	-5466.213	995.3026	1.531692	13.51055
60	-4463.359	-5458.662	995.3026	1.531692	13.51055
66	-4468.855	-5466.141	997.2859	1.679836	12.40205
72	-4470.038	-5467.323	997.285	1.680682	12.40205
78	-4464.336	-5461.329	996.9925	1.753962	12.51624
84	-4465.758	-5464.435	998.6772	1.669124	11.68182
90	-4464.779	-5460.798	996.0184	1.540531	13.13411
96	-4452.455	-5450.083	997.628	1.704859	12.21071
102	-4450.037	-5449.423	999.386	1.704859	11.29262
108	-4478.194	-5477.702	999.5072	1.696136	11.23374
114	-4474.315	-5470.966	996.6514	1.703252	12.72027
120	-4472.207	-5469.388	997.1804	1.649167	12.47299
126	-4492.61	-5489.765	997.1549	1.674611	12.47299
132	-4478.208	-5475.127	996.9186	1.593528	12.63828
138	-4467.468	-5463.755	996.2871	1.565397	12.9815
144	-4480.174	-5484.984	1004.81	1.421474	8.58519
150	-4472	-5476.022	1004.022	1.402982	9.012556
156	-4473.033	-5478.335	1005.301	1.446585	8.310835
162	-4458.196	-5462.8	1004.604	1.482585	8.662161
168	-4468.793	-5473.1	1004.307	1.299931	8.916355
174	-4462.618	-5468.092	1005.474	1.384183	8.252335
180	-4453.403	-5458.178	1004.775	1.44003	8.593738
186	-4468.317	-5473.831	1005.514	1.408656	8.217697
192	-4480.017	-5482.258	1002.241	1.279556	10.018
198	-4485.473	-5488.838	1003.365	1.333829	9.396547
204	-4460.6	-5458.463	997.8626	1.715799	12.08264
210	-4463.92	-5462.471	998.5508	1.727856	11.71716
216	-4446.359	-5444.217	997.8586	1.686694	12.09994
222	-4457.406	-5458.36	1000.954	1.810468	10.41548
228	-4457.17	-5454.024	996.8537	1.670771	12.63183
234	-4481.558	-5483.527	1001.968	1.621241	9.981584
240	-4460.964	-5460.278	999.3142	1.662938	11.3521
246	-4453.832	-5453.797	999.9653	1.783914	10.94791
252	-4449.66	-5450.03	1000.369	1.822312	10.71606
258	-4460.959	-5460.693	999.7339	1.707381	11.10924
264	-4464.757	-5464.058	999.3001	1.665791	11.35796
270	-4470.596	-5468.362	997.7656	1.598446	12.19444
276	-4467.784	-5465.969	998.185	1.579965	11.98533
282	-4454.617	-5452.864	998.247	1.715282	11.88238
288	-4458.987	-5457.326	998.3397	1.622512	11.88238
294	-4468.333	-5468.526	1000.193	1.84274	10.79757
300	-4477.236	-5485.954	1008.718	1.607663	6.390789
306	-4485.3	-5495.543	1010.243	1.607663	5.558048
312	-4476.553	-5483.41	1006.857	1.393108	7.508922
318	-4472.668	-5480.277	1007.609	1.457007	7.071022
324	-4462.743	-5473.893	1011.15	1.681066	5.017076
330	-4472.332	-5481.103	1008.771	1.461308	6.441351
336	-4463.207	-5472.832	1009.624	1.610146	5.895832
342	-4460.336	-5472.612	1012.276	1.718296	4.365716
348	-4466.138	-5478.196	1012.058	1.710233	4.493182
354	-4470.823	-5482.874	1012.051	1.710233	4.496965
360	-4455.691	-5467.432	1011.741	1.772898	4.636129
366	-4471.811	-5482.716	1010.905	1.593273	5.20137
372	-4478.422	-5489.001	1010.579	1.593273	5.381288
378	-4479.722	-5490.211	1010.489	1.588278	5.433634
384	-4473.999	-5484.48	1010.481	1.575878	5.44496
390	-4466.371	-5477.026	1010.654	1.638033	5.315
396	-4470.583	-5480.764	1010.181	1.560114	5.618401
402	-4446.19	-5456.342	1010.152	1.589379	5.618401
408	-4454.428	-5464.451	1010.023	1.501578	5.737266
414	-4474.57	-5482.348	1007.778	1.488749	6.962988
420	-4480.213	-5490.059	1009.846	1.551222	5.807026
426	-4481.671	-5490.725	1009.055	1.510488	6.260583
432	-4481.32	-5490.476	1009.156	1.637504	6.136365
438	-4475.768	-5485.067	1009.298	1.67801	6.036791
444	-4476.043	-5486.285	1010.242	1.67801	5.520197
450	-4482.411	-5492.214	1009.804	1.658149	5.771537
456	-4474.203	-5484.692	1010.489	1.632309	5.409573
462	-4507.754	-5515.153	1007.399	1.476527	7.173536
468	-4495.507	-5504.012	1008.505	1.518566	6.554261
474	-4490.488	-5498.749	1008.261	1.546021	6.671513
480	-4486.845	-5495.166	1008.321	1.485878	6.671513
486	-4486.913	-5495.207	1008.294	1.512936	6.671513
492	-4488.959	-5499.295	1010.335	1.583096	5.520981
498	-4491.082	-5501.435	1010.353	1.565507	5.520981
504	-4501.651	-5509.01	1007.358	1.443216	7.213106
510	-4494.164	-5497.569	1003.405	1.407538	9.336501
516	-4494.684	-5498.109	1003.425	1.377941	9.341954
522	-4485.401	-5482.444	997.0428	1.229572	12.76305
528	-4495.309	-5497.272	1001.963	1.200588	10.20544
534	-4495.013	-5495.19	1000.177	1.23303	11.12573
540	-4492.091	-5499.567	1007.476	1.470696	7.135229
546	-4478.518	-5486.011	1007.493	1.453319	7.135229
552	-4480.943	-5488.647	1007.704	1.453319	7.021951
558	-4478.329	-5484.339	1006.009	1.327705	7.996917
564	-4470.194	-5475.93	1005.736	1.388509	8.110427
570	-4467.3	-5474.304	1007.004	1.442685	7.403657
576	-4498.644	-5505.214	1006.57	1.35028	7.685503
582	-4512.208	-5518.629	1006.421	1.381761	7.748358
588	-4489.844	-5492.808	1002.965	1.264523	9.644621
594	-4493.204	-5496.164	1002.96	1.268615	9.644621
600	-4459.783	-5465.462	1005.679	1.379418	8.145488
606	-4472.75	-5480.289	1007.539	1.377417	7.151337
612	-4468.119	-5474.881	1006.762	1.425083	7.542658
618	-4483.842	-5491.683	1007.841	1.510626	6.917194
624	-4475.818	-5483.256	1007.438	1.439923	7.172036
630	-4498.063	-5502.86	1004.798	1.304364	8.654028
636	-4472.783	-5477.589	1004.806	1.295938	8.654028
642	-4474.965	-5479.826	1004.861	1.241363	8.654028
648	-4498.843	-5504.938	1006.094	1.28824	7.972683
654	-4494.551	-5498.492	1003.941	1.263582	9.129175
660	-4479.342	-5482.264	1002.922	1.274536	9.661907
666	-4478.062	-5480.012	1001.949	1.317361	10.15135
672	-4492.026	-5497.425	1005.399	1.391134	8.288303
678	-4490.886	-5497.894	1007.008	1.384041	7.433164
684	-4478.439	-5484.393	1005.953	1.384612	7.996428
690	-4466.449	-5471.821	1005.372	1.330854	8.334782
696	-4470.392	-5478.115	1007.723	1.454621	7.011019
702	-4469.601	-5477.617	1008.016	1.431807	6.865421
708	-4474.815	-5483.232	1008.418	1.491596	6.61603
714	-4445.832	-5454.703	1008.87	1.491596	6.370992
720	-4438.639	-5446.71	1008.071	1.491596	6.803159
726	-4446.052	-5453.976	1007.925	1.486772	6.884934
732	-4448.314	-5456.082	1007.769	1.464944	6.980673
738	-4432.774	-5438.69	1005.916	1.47675	7.967332
744	-4438.01	-5443.335	1005.325	1.366049	8.3411
750	-4431.015	-5436.387	1005.371	1.319802	8.3411
756	-4459.986	-5464.71	1004.724	1.321601	8.683842
762	-4447.823	-5449.779	1001.956	1.282183	10.16657
768	-4438.397	-5439.936	1001.538	1.253135	10.40126
774	-4425.766	-5429.332	1003.566	1.29464	9.31139
780	-4439.1	-5440.947	1001.847	1.258147	10.23641
786	-4445.465	-5449.173	1003.708	1.282691	9.242549
792	-4448.343	-5452.016	1003.674	1.38025	9.209077
798	-4436.902	-5441.726	1004.824	1.433421	8.571437
804	-4449.708	-5456.289	1006.582	1.479944	7.60989
810	-4456.085	-5461.405	1005.321	1.405816	8.322208
816	-4455.724	-5460.25	1004.526	1.442197	8.725155
822	-4456.338	-5460.374	1004.036	1.359834	9.028292
828	-4464.54	-5468.809	1004.269	1.308024	8.932198
834	-4438.336	-5441.989	1003.653	1.273588	9.276502
840	-4438.364	-5441.377	1003.012	1.276292	9.613214
846	-4442.087	-5445.72	1003.633	1.33025	9.257137
852	-4474.464	-5479.411	1004.948	1.36026	8.544661
858	-4460.242	-5465.133	1004.891	1.322332	8.594692
864	-4483.463	-5488.635	1005.172	1.311909	8.451056
870	-4458.76	-5465.277	1006.517	1.437452	7.667297
876	-4458.58	-5464.538	1005.959	1.430653	7.968992
882	-4481.417	-5488.078	1006.661	1.484889	7.564879
888	-4480.584	-5488.871	1008.287	1.498521	6.68309
894	-4459.242	-5466.095	1006.853	1.502515	7.452538
900	-4463.608	-5470.617	1007.009	1.428413	7.408333
906	-4471.219	-5476.733	1005.514	1.376814	8.234774
912	-4459.987	-5465.864	1005.877	1.397373	8.03046
918	-4460.695	-5467.17	1006.474	1.422619	7.697923
924	-4466.589	-5472.371	1005.783	1.418764	8.069332
930	-4474.535	-5476.845	1002.31	1.37679	9.930317
936	-4469.517	-5474.54	1005.023	1.5115	8.424242
942	-4444.771	-5448.181	1003.41	1.313401	9.384021
948	-4447.733	-5449.072	1001.339	1.359131	10.45021
954	-4446.663	-5448.203	1001.54	1.279669	10.38663
960	-4449.434	-5452.724	1003.29	1.280308	9.464696
966	-4458.418	-5461.732	1003.313	1.270577	9.457381
972	-4452.718	-5456.566	1003.848	1.369164	9.122967
978	-4453.102	-5456.323	1003.221	1.429066	9.422314
984	-4459.649	-5462.911	1003.262	1.37626	9.42852
990	-4456.876	-5459.473	1002.597	1.340068	9.798568
996	-4466.441	-5468.048	1001.607	1.27208	10.35503
1002	-4455.502	-5454.58	999.0785	1.202796	11.71579
1008	-4483.824	-5482.929	999.1048	1.176485	11.71579
1014	-4472.652	-5474.511	1001.859	1.240725	10.23939
1020	-4469.32	-5471.68	1002.36	1.272127	9.959267
1026	-4468.894	-5471.48	1002.586	1.238833	9.857638
1032	-4463.051	-5465.297	1002.247	1.30173	10.00308
1038	-4478.699	-5481.983	1003.284	1.30173	9.456605
1044	-4487.3	-5488.599	1001.3	1.252091	10.52707
1050	-4504.751	-5505.593	1000.842	1.225433	10.78109
1056	-4500.724	-5502.191	1001.467	1.245075	10.44288
1062	-4498.465	-5504.393	1005.927	1.369486	8.018394
1068	-4499.562	-5504.287	1004.724	1.38478	8.650201
1074	-4488.043	-5493.24	1005.197	1.386425	8.398172
1080	-4495.443	-5500.64	1005.197	1.386425	8.398172
1086	-4499.953	-5506.105	1006.152	1.359789	7.903687
1092	-4493.712	-5498.767	1005.054	1.461425	8.434343
1098	-4488.001	-5493.339	1005.338	1.463907	8.281857
1104	-4484.395	-5490.412	1006.017	1.462619	7.920707
1110	-4474.515	-5482.003	1007.488	1.526234	7.098752
1116	-4460.548	-5468.457	1007.909	1.53486	6.86767
1122	-4452.308	-5461.161	1008.854	1.620956	6.309769
1128	-4451.103	-5460.174	1009.071	1.654493	6.173553
1134	-4475.523	-5485.015	1009.492	1.577907	5.985815
1140	-4487.625	-5496.401	1008.776	1.65245	6.334651
1146	-4468.881	-5477.296	1008.415	1.656554	6.528468
1152	-4473.959	-5484.405	1010.446	1.687386	5.402511
1158	-4478.643	-5488.263	1009.62	1.683687	5.857942
1164	-4473.057	-5483.14	1010.084	1.640798	5.627563
1170	-4463.188	-5472.183	1008.995	1.633959	6.225572
1176	-4472.738	-5481.668	1008.93	1.573073	6.294256
1182	-4476.909	-5484.709	1007.801	1.525599	6.930847
1188	-4456.389	-5464.104	1007.715	1.611719	6.930847
1194	-4451.017	-5458.456	1007.439	1.502753	7.137951
1200	-4507.99	-5512.03	1004.041	1.349822	9.031074
1206	-4493.107	-5497.169	1004.062	1.347031	9.021354
1212	-4480.311	-5486.407	1006.096	1.527082	7.844356
1218	-4495.532	-5500.969	1005.437	1.405343	8.260373
1224	-4469.241	-5473.618	1004.377	1.372962	8.840651
1230	-4472.853	-5478.447	1005.594	1.389705	8.185335
1236	-4487.273	-5491.397	1004.124	1.274792	9.026638
1242	-4509.276	-5517.923	1008.647	1.470822	6.503176
1248	-4522.469	-5529.363	1006.895	1.453378	7.456444
1254	-4467.228	-5473.842	1006.614	1.507029	7.578066
1260	-4471.009	-5477.439	1006.43	1.507029	7.676609
1266	-4492.587	-5496.674	1004.088	1.356278	9.002816
1272	-4478.017	-5482.947	1004.93	1.412403	8.526239
1278	-4467.871	-5473.495	1005.623	1.379775	8.174987
1284	-4446.855	-5450.328	1003.473	1.256375	9.380585
1290	-4464.348	-5467.806	1003.457	1.272211	9.380585
1296	-4455.037	-5459.466	1004.429	1.389278	8.804289
1302	-4464.844	-5470.465	1005.621	1.301514	8.217614
1308	-4472.761	-5475.587	1002.826	1.320629	9.688363
1314	-4473.883	-5476.177	1002.294	1.296962	9.980667
1320	-4473.989	-5477.665	1003.676	1.293202	9.253825
1326	-4468.021	-5473.994	1005.973	1.34328	8.008061
1332	-4451.471	-5457.644	1006.173	1.293326	7.927845
1338	-4474.003	-5480.634	1006.631	1.3576	7.649049
1344	-4496.526	-5502.758	1006.232	1.3576	7.862043
1350	-4488.876	-5496.388	1007.512	1.407021	7.150154
1356	-4493.519	-5501.318	1007.799	1.480917	6.955801
1362	-4490.117	-5496.022	1005.905	1.41442	8.006304
1368	-4484.552	-5491.046	1006.495	1.370501	7.714834
1374	-4498.205	-5504.191	1005.986	1.389551	7.976705
1380	-4494.149	-5501.597	1007.447	1.590679	7.086014
1386	-4505.723	-5513.517	1007.794	1.590679	6.899198
1392	-4495.985	-5504.22	1008.235	1.486038	6.717852
1398	-4483.215	-5491.599	1008.384	1.486038	6.637325
1404	-4489.188	-5497.938	1008.75	1.486038	6.439229
1410	-4488.518	-5496.493	1007.975	1.597923	6.797833
1416	-4485.188	-5491.086	1005.898	1.436864	7.997951
1422	-4473.107	-5478.935	1005.828	1.507078	7.997951
1428	-4462.083	-5467.771	1005.688	1.422085	8.117712
1434	-4486.165	-5492.16	1005.996	1.566441	7.876926
1440	-4498.407	-5500.354	1001.947	1.25172	10.18697
1446	-4464.381	-5462.629	998.2474	1.402204	12.04551
1452	-4464.492	-5470.042	1005.55	1.410768	8.1975
1458	-4452.736	-5458.553	1005.817	1.457603	8.030273
1464	-4456.801	-5463.996	1007.195	1.455418	7.294344
1470	-4455.166	-5462.319	1007.153	1.497758	7.294344
1476	-4448.202	-5456.276	1008.074	1.528923	6.781548
1482	-4447.535	-5456.564	1009.03	1.589841	6.230995
1488	-4439.875	-5449.162	1009.287	1.568825	6.102344
1494	-4450.251	-5459.781	1009.53	1.596339	5.954844
1500	-4472.989	-5482.12	1009.131	1.470903	6.240578
1506	-4452.389	-5461.838	1009.449	1.619514	5.986571
1512	-4460.624	-5470.165	1009.541	1.584775	5.955138
1518	-4459.271	-5469.782	1010.512	1.59951	5.414991
1524	-4454.795	-5464.666	1009.87	1.583002	5.776081
1530	-4463.121	-5472.922	1009.801	1.652858	5.776081
1536	-4449.522	-5460.109	1010.588	1.648757	5.345926
1542	-4456.016	-5466.919	1010.903	1.632295	5.180793
1548	-4465.16	-5475.898	1010.739	1.604904	5.286857
1554	-4471.602	-5481.415	1009.813	1.604904	5.795498
1560	-4469.373	-5479.145	1009.772	1.594604	5.823687
1566	-4471.625	-5481.441	1009.815	1.551018	5.823687
1572	-4457.337	-5466.198	1008.86	1.483973	6.380365
1578	-4484.33	-5493.177	1008.847	1.497433	6.380365
1584	-4491.682	-5497.327	1005.644	1.498751	8.10039
1590	-4511.176	-5516.158	1004.982	1.496651	8.454147
1596	-4535.307	-5541.585	1006.278	1.542244	7.7389
1602	-4510.465	-5516.954	1006.489	1.5408	7.627077
1608	-4511.776	-5517.301	1005.525	1.483047	8.172404
1614	-4505.387	-5510.273	1004.887	1.465478	8.521216
1620	-4484.796	-5489.728	1004.932	1.420185	8.521216
1626	-4471.147	-5476.029	1004.882	1.420185	8.547725
1632	-4471.177	-5472.992	1001.815	1.223121	10.27135
1638	-4482.889	-5485.449	1002.56	1.221206	9.880799
1644	-4474.989	-5478.732	1003.742	1.306408	9.212012
1650	-4482.575	-5483.941	1001.365	1.264528	10.48613
1656	-4484.561	-5487.969	1003.407	1.266593	9.409972
1662	-4483.034	-5490.376	1007.342	1.524548	7.17837
1668	-4495.46	-5502.939	1007.479	1.524548	7.104527
1674	-4489.841	-5497.815	1007.975	1.505406	6.847986
1680	-4484.818	-5491.26	1006.442	1.503493	7.672173
1686	-4516.53	-5520.459	1003.929	1.441182	9.041829
1692	-4480.418	-5482.763	1002.345	1.308005	9.948054
1698	-4486.169	-5490.871	1004.702	1.278767	8.718436
1704	-4476.119	-5479.052	1002.933	1.265642	9.660655
1710	-4459.913	-5464.362	1004.449	1.389411	8.793848
1716	-4449.066	-5455.408	1006.342	1.389411	7.786491
1722	-4479.725	-5486.033	1006.307	1.423915	7.786491
1728	-4465.108	-5472.327	1007.219	1.423915	7.298179
1734	-4463.934	-5471.205	1007.271	1.392005	7.287712
1740	-4463.728	-5471.313	1007.585	1.453759	7.085489
1746	-4474.852	-5482.222	1007.37	1.433981	7.211726
1752	-4457.151	-5464.195	1007.043	1.453715	7.37665
1758	-4489.625	-5498.205	1008.58	1.453715	6.548791
1764	-4480.108	-5488.284	1008.175	1.453715	6.767605
1770	-4490.291	-5498.038	1007.746	1.453715	6.99888
1776	-4484.868	-5493.089	1008.221	1.528616	6.702168
1782	-4481.721	-5491.594	1009.873	1.602985	5.763726
1788	-4458.784	-5468.995	1010.21	1.600922	5.579889
1794	-4454.219	-5464.166	1009.946	1.562318	5.745835
1800	-4437.876	-5447.26	1009.385	1.50762	6.082612
1806	-4442.297	-5450.34	1008.043	1.50762	6.809888
1812	-4447.43	-5452.76	1005.33	1.374437	8.333946
1818	-4448.078	-5454.464	1006.386	1.37369	7.771215
1824	-4465.153	-5472.862	1007.71	1.421744	7.035781
1830	-4473.651	-5480.691	1007.039	1.466225	7.372039
1836	-4475.819	-5483.505	1007.686	1.459199	7.028406
1842	-4475.475	-5483.085	1007.609	1.429417	7.085633
1848	-4491.663	-5497.658	1005.995	1.429417	7.950339
1854	-4472.253	-5480.243	1007.99	1.498906	6.842965
1860	-4453.796	-5463.784	1009.987	1.566648	5.721077
1866	-4462.441	-5473.783	1011.341	1.706479	4.896223
1872	-4451.452	-5463.385	1011.933	1.735766	4.548904
1878	-4448.757	-5460.69	1011.933	1.735766	4.548904
1884	-4436.461	-5446.409	1009.948	1.63903	5.702884
1890	-4440.987	-5451.405	1010.418	1.614536	5.458239
1896	-4440.197	-5448.813	1008.616	1.551328	6.476259
1902	-4427.89	-5435.96	1008.07	1.518699	6.789321
1908	-4454.815	-5463.021	1008.206	1.518785	6.715612
1914	-4454.369	-5463.16	1008.791	1.497131	6.411045
1920	-4449.041	-5457.892	1008.851	1.473779	6.391151
1926	-4452.28	-5461.725	1009.445	1.545083	6.029392
1932	-4466.675	-5475.627	1008.952	1.545083	6.297659
1938	-4467.25	-5476.88	1009.63	1.559559	5.920244
1944	-4475.879	-5482.986	1007.106	1.493037	7.321684
1950	-4483.964	-5493.521	1009.557	1.571699	5.953729
1956	-4463.209	-5472.801	1009.592	1.571699	5.934316
1962	-4474.787	-5483.041	1008.254	1.458099	6.722534
1968	-4484.691	-5490.653	1005.962	1.428408	7.968406
1974	-4476.341	-5484.737	1008.396	1.490003	6.628681
1980	-4479.872	-5485.173	1005.301	1.347069	8.363887
1986	-4484.636	-5486.602	1001.965	1.322413	10.14042
1992	-4482.707	-5485.023	1002.316	1.343341	9.944792
1998	-4483.05	-5484.176	1001.125	1.291745	10.59785
2004	-4465.466	-5473.681	1008.215	1.574163	6.681207
2010	-4454.085	-5463.271	1009.186	1.574163	6.154708
2016	-4453.074	-5461.565	1008.491	1.591657	6.522139
2022	-4448.494	-5457.942	1009.448	1.599714	5.997794
2028	-4463.547	-5472.843	1009.296	1.602565	6.079255
2034	-4462.541	-5470.937	1008.396	1.561409	6.590288
2040	-4453.722	-5462.487	1008.764	1.593141	6.37323
2046	-4465.564	-5474.629	1009.065	1.58346	6.215212
2052	-4458.288	-5468.534	1010.245	1.629245	5.545068
2058	-4447.128	-5457.375	1010.247	1.623806	5.547256
2064	-4440.071	-5448.246	1008.175	1.496406	6.744418
2070	-4444.185	-5452.36	1008.175	1.496406	6.744418
2076	-4444.235	-5453.373	1009.138	1.496406	6.223032
2082	-4441.11	-5449.556	1008.446	1.528043	6.581024
2088	-4450.877	-5458.419	1007.542	1.535735	7.064762
2094	-4438.15	-5447.122	1008.972	1.535735	6.291762
2100	-4455.188	-5463.09	1007.902	1.530793	6.873469
2106	-4463.241	-5470.957	1007.715	1.41965	7.033858
2112	-4482.19	-5489.509	1007.319	1.475134	7.217182
2118	-4483.918	-5492.174	1008.255	1.495824	6.701471
2124	-4471.774	-5479.744	1007.97	1.495824	6.855576
2130	-4464.211	-5472.039	1007.828	1.452371	6.955423
2136	-4453.795	-5461.159	1007.364	1.468051	7.19695
2142	-4451.093	-5458.417	1007.324	1.468051	7.218394
2148	-4441.207	-5448.824	1007.617	1.430049	7.081128
2154	-4449.196	-5456.939	1007.743	1.429443	7.013702
2160	-4467.702	-5476.097	1008.395	1.464877	6.642953
2166	-4464.451	-5472.796	1008.345	1.48572	6.658353
2172	-4471.773	-5476.855	1005.082	1.348349	8.479554
2178	-4474.239	-5480.752	1006.513	1.406951	7.685675
2184	-4444.71	-5452.234	1007.524	1.459628	7.115177
2190	-4440.515	-5448.367	1007.852	1.459189	6.9388
2196	-4454.133	-5461.98	1007.847	1.459189	6.94154
2202	-4450.943	-5460.612	1009.67	1.521689	5.91949
2208	-4455.049	-5462.219	1007.17	1.441005	7.315253
2214	-4456.973	-5463.962	1006.989	1.441005	7.412573
2220	-4456.032	-5463.542	1007.51	1.47281	7.115934
2226	-4477.621	-5485.13	1007.51	1.47281	7.115934
2232	-4469.005	-5476.411	1007.406	1.474175	7.170939
2238	-4458.32	-5465.726	1007.406	1.474175	7.170939
2244	-4448.763	-5456.751	1007.988	1.469831	6.859989
2250	-4454.342	-5462.617	1008.275	1.468668	6.705671
2256	-4458.865	-5467.328	1008.464	1.555594	6.556628
2262	-4471.85	-5477.717	1005.867	1.367587	8.051655
2268	-4477.667	-5484.579	1006.912	1.488255	7.428437
2274	-4494.722	-5503.166	1008.444	1.444267	6.627439
2280	-4471.337	-5481.105	1009.768	1.608707	5.818267
2286	-4468.774	-5477.378	1008.605	1.509783	6.504934
2292	-4461.925	-5469.744	1007.82	1.487728	6.940922
2298	-4469.58	-5477.547	1007.967	1.486132	6.862615
2304	-4471.162	-5479.255	1008.093	1.510809	6.781024
2310	-4481.897	-5489.782	1007.884	1.551809	6.871639
2316	-4484.028	-5489.662	1005.634	1.345448	8.187466
2322	-4482.502	-5486.584	1004.083	1.345448	9.011002
2328	-4504.453	-5508.942	1004.489	1.374022	8.780714
2334	-4484.109	-5491.674	1007.564	1.416412	7.116761
2340	-4468.788	-5477.691	1008.902	1.500267	6.348814
2346	-4470.683	-5479.447	1008.765	1.504431	6.421238
2352	-4466.142	-5474.126	1007.984	1.508151	6.841413
2358	-4464.915	-5472.957	1008.042	1.450584	6.841413
2364	-4452.559	-5461.11	1008.551	1.478588	6.550735
2370	-4456.321	-5465.514	1009.193	1.472223	6.205964
2376	-4452.674	-5459.544	1006.87	1.349931	7.525113
2382	-4452.55	-5459.941	1007.391	1.478566	7.17645
2388	-4440.416	-5448.64	1008.224	1.422021	6.758193
2394	-4451.83	-5459.435	1007.604	1.422021	7.092275
2400	-4455.365	-5463.619	1008.254	1.455939	6.723608
2406	-4459.909	-5468.379	1008.471	1.464417	6.602197
2412	-4447.818	-5455.9	1008.082	1.464417	6.812232
2418	-4431.129	-5440.363	1009.234	1.500484	6.168407
2424	-4437.72	-5447.431	1009.711	1.545703	5.883926
2430	-4444.053	-5453.214	1009.161	1.545703	6.183737
2436	-4443.81	-5453.008	1009.198	1.508714	6.183737
2442	-4451.106	-5459.842	1008.736	1.532223	6.421451
2448	-4457.018	-5465.781	1008.763	1.506114	6.421451
2454	-4459.902	-5468.68	1008.778	1.428169	6.455445
2460	-4455.926	-5464.5	1008.574	1.452272	6.55264
2466	-4449.623	-5458.033	1008.41	1.470719	6.631313
2472	-4456.742	-5466.416	1009.674	1.537624	5.908597
2478	-4463.773	-5472.632	1008.859	1.537345	6.352327
2484	-4450.205	-5459.342	1009.137	1.508317	6.216847
2490	-4440.426	-5449.762	1009.336	1.508317	6.108732
2496	-4443.282	-5453.2	1009.918	1.564125	5.760209
2502	-4441.403	-5451.322	1009.919	1.493348	5.798674
2508	-4457.245	-5465.712	1008.467	1.432367	6.621249
2514	-4458.234	-5465.842	1007.608	1.475875	7.061349
2520	-4453.69	-5462.846	1009.156	1.568585	6.173745
2526	-4466.784	-5473.949	1007.165	1.455342	7.310282
2532	-4470.984	-5478.915	1007.931	1.419148	6.918014
2538	-4473.946	-5480.386	1006.439	1.382093	7.738417
2544	-4466.255	-5473.36	1007.105	1.471808	7.333708
2550	-4490.404	-5497.938	1007.534	1.381072	7.152327
2556	-4496.733	-5501.344	1004.611	1.363383	8.72186
2562	-4476.472	-5481.329	1004.857	1.321076	8.613572
2568	-4469.978	-5476.41	1006.431	1.369376	7.749357
2574	-4467.554	-5472.745	1005.191	1.369376	8.410767
2580	-4445.597	-5450.298	1004.7	1.350218	8.681348
2586	-4465.685	-5470.397	1004.712	1.407784	8.644737
2592	-4446.569	-5451.927	1005.358	1.342425	8.336246
2598	-4464.94	-5468.65	1003.709	1.331025	9.216307
2604	-4450.854	-5456.84	1005.986	1.331025	8.007723
2610	-4469.871	-5473.696	1003.825	1.510966	9.05987
2616	-4456.126	-5460.033	1003.907	1.478409	9.033765
2622	-4463.998	-5461.957	997.9597	1.40121	12.19605
2628	-4470.796	-5468.825	998.0288	1.332094	12.19605
2634	-4451.682	-5455.61	1003.927	1.371187	9.079651
2640	-4455.587	-5460.249	1004.662	1.444118	8.651886
2646	-4441.071	-5445.944	1004.873	1.370718	8.578703
2652	-4453.044	-5456.487	1003.443	1.339177	9.352701
2658	-4475.792	-5479.162	1003.37	1.243825	9.441472
2664	-4479.829	-5483.109	1003.28	1.243825	9.489018
2670	-4460.31	-5463.088	1002.779	1.301412	9.723209
2676	-4452.222	-5455.522	1003.3	1.33139	9.432083
2682	-4456.71	-5460.023	1003.313	1.318531	9.432083
2688	-4462.871	-5467.984	1005.113	1.31152	8.482582
2694	-4448.521	-5453.52	1004.999	1.335976	8.530078
2700	-4460.953	-5465.243	1004.29	1.403418	8.870659
2706	-4466.94	-5474.658	1007.718	1.430238	7.026776
2712	-4457.386	-5464.386	1006.999	1.325558	7.468858
2718	-4474.758	-5480.758	1006	1.273992	8.030543
2724	-4468.927	-5475.7	1006.773	1.355173	7.574235
2730	-4470.874	-5473.736	1002.861	1.388523	9.633686
2736	-4454.983	-5458.053	1003.07	1.370502	9.532886
2742	-4451.869	-5451.634	999.7646	1.382268	11.26332
2748	-4468.528	-5470.201	1001.673	1.382268	10.26268
2754	-4459.234	-5459.082	999.8479	1.265674	11.28073
2760	-4470.261	-5471.659	1001.398	1.412613	10.39134
2766	-4480.57	-5481.989	1001.419	1.348791	10.41349
2772	-4464.118	-5468.416	1004.298	1.313483	8.914072
2778	-4454.778	-5458.46	1003.682	1.239343	9.279035
2784	-4452.481	-5454.519	1002.038	1.289221	10.11982
2790	-4451.729	-5452.271	1000.541	1.379556	10.85793
2796	-4444.418	-5447.833	1003.416	1.3605	9.355872
2802	-4458.016	-5461.717	1003.701	1.279498	9.247702
2808	-4450.504	-5456.48	1005.976	1.374787	7.989606
2814	-4443.668	-5442.331	998.6634	1.299433	11.88208
2820	-4455.528	-5453.51	997.9824	1.277398	12.2488
2826	-4456.374	-5455.695	999.3208	1.350592	11.51197
2832	-4450.274	-5449.588	999.3137	1.357651	11.51197
2838	-4456.951	-5454.619	997.6681	1.36539	12.36673
2844	-4452.771	-5448.921	996.1501	1.277609	13.20231
2850	-4463.121	-5462.605	999.4844	1.282093	11.46224
2856	-4463.914	-5463.329	999.4144	1.357766	11.45926
2862	-4466.655	-5465.489	998.834	1.392567	11.74436
2868	-4470.987	-5470.943	999.9568	1.466831	11.11848
2874	-4466.829	-5469.861	1003.031	1.525249	9.471772
2880	-4453.996	-5456.072	1002.076	1.498049	9.98977
2886	-4463.506	-5465.983	1002.477	1.492006	9.781864
2892	-4448.537	-5448.775	1000.238	1.492006	10.95815
2898	-4443.988	-5443.233	999.2443	1.463562	11.4929
2904	-4438.643	-5438.366	999.7231	1.447433	11.25092
2910	-4437.325	-5437.228	999.9021	1.449159	11.15634
2916	-4428.904	-5428.829	999.9248	1.426486	11.15634
2922	-4445.78	-5449.697	1003.917	1.447305	9.04479
2928	-4467.049	-5470.449	1003.4	1.487847	9.296954
2934	-4452.33	-5453.19	1000.859	1.496163	10.6302
2940	-4443.532	-5445.658	1002.126	1.465063	9.980639
2946	-4438.347	-5441.745	1003.399	1.453537	9.31559
2952	-4457.483	-5465.311	1007.828	1.556154	6.899512
2958	-4453.249	-5462.418	1009.169	1.553861	6.174715
2964	-4443.915	-5452.846	1008.93	1.612818	6.272531
2970	-4440.927	-5449.851	1008.924	1.596365	6.28504
2976	-4438.385	-5445.658	1007.273	1.464385	7.247607
2982	-4432.307	-5439.58	1007.273	1.464385	7.247607
2988	-4430.602	-5437.417	1006.815	1.373708	7.54196
2994	-4435.434	-5441.884	1006.45	1.407712	7.718871
3000	-4430.935	-5437.473	1006.537	1.433311	7.658718
3006	-4452.719	-5458.09	1005.371	1.356529	8.321623
3012	-4443.76	-5449.128	1005.368	1.359605	8.321623
3018	-4421.352	-5427.097	1005.744	1.351932	8.12531
3024	-4441.176	-5447.852	1006.676	1.365676	7.620469
3030	-4436.969	-5442.405	1005.436	1.365676	8.281985
3036	-4449.502	-5455.916	1006.413	1.438185	7.722211
3042	-4447.838	-5455.007	1007.168	1.353727	7.36312
3048	-4440.857	-5447.941	1007.084	1.438393	7.36312
3054	-4458.829	-5465.863	1007.034	1.488306	7.36312
3060	-4451.61	-5458.95	1007.34	1.379456	7.257492
3066	-4454.219	-5459.752	1005.533	1.379456	8.223464
3072	-4462.142	-5469.486	1007.344	1.387838	7.250565
3078	-4455.897	-5463.628	1007.731	1.426893	7.021696
3084	-4456.554	-5465.402	1008.848	1.449701	6.405897
3090	-4459.488	-5467.053	1007.564	1.328936	7.16384
3096	-4462.1	-5469.06	1006.961	1.36762	7.467155
3102	-4470.491	-5476.921	1006.431	1.358743	7.755451
3108	-4479.128	-5485.544	1006.416	1.381091	7.751302
3114	-4472.003	-5479.374	1007.371	1.437333	7.209655
3120	-4463.726	-5471.13	1007.404	1.404156	7.209655
3126	-4489.185	-5496.257	1007.072	1.367303	7.407618
3132	-4488.239	-5489.413	1001.174	1.41737	10.50601
3138	-4486.688	-5490.792	1004.103	1.444734	8.947646
3144	-4478.91	-5478.476	999.5665	1.360529	11.37833
3150	-4497.329	-5498.031	1000.702	1.335334	10.79706
3156	-4484.712	-5487.43	1002.718	1.327245	9.741649
3162	-4478.81	-5474.762	995.9516	1.277097	13.30572
3168	-4474.921	-5473.327	998.4052	1.274639	12.02976
3174	-4460.339	-5460.935	1000.596	1.310656	10.86554
3180	-4472.756	-5470.353	997.5965	1.288582	12.44404
3186	-4465.092	-5463.249	998.1566	1.163517	12.21731
3192	-4476.427	-5475.512	999.0844	1.295864	11.66411
3198	-4460.323	-5460.636	1000.314	1.222255	11.05966
3204	-4441.944	-5441.466	999.522	1.169993	11.50122
3210	-4427.62	-5431.604	1003.984	1.32833	9.072422
3216	-4425.09	-5428.487	1003.397	1.383792	9.353391
3222	-4452.89	-5456.739	1003.849	1.293389	9.162061
3228	-4444.844	-5446.897	1002.054	1.274303	10.11928
3234	-4442.219	-5443.54	1001.32	1.304642	10.48876
3240	-4434.433	-5435.089	1000.656	1.374723	10.80019
3246	-4430.424	-5433.811	1003.387	1.474126	9.31119
3252	-4454.446	-5455.544	1001.098	1.242496	10.63782
3258	-4455.878	-5457.395	1001.517	1.279773	10.39838
3264	-4437.416	-5439.457	1002.04	1.39738	10.06141
3270	-4434.507	-5438.374	1003.867	1.44057	9.0752
3276	-4409.706	-5416.416	1006.71	1.443896	7.560388
3282	-4416.25	-5421.883	1005.633	1.474122	8.119798
3288	-4425.551	-5431.183	1005.633	1.474122	8.119798
3294	-4426.864	-5429.661	1002.797	1.396311	9.663529
3300	-4423.437	-5426.435	1002.999	1.394468	9.558076
3306	-4441.577	-5445.685	1004.108	1.310438	9.016228
3312	-4464.847	-5468.76	1003.913	1.457301	9.041658
3318	-4464.136	-5469.261	1005.125	1.445556	8.405081
3324	-4450.089	-5455.502	1005.413	1.443781	8.25285
3330	-4442.68	-5446.086	1003.406	1.309562	9.387921
3336	-4453.581	-5458.516	1004.935	1.396974	8.531987
3342	-4441.879	-5446.814	1004.935	1.396974	8.531987
3348	-4439.807	-5444.697	1004.89	1.339601	8.586337
3354	-4447.704	-5451.115	1003.411	1.295396	9.392784
3360	-4458.066	-5459.182	1001.116	1.320741	10.58759
3366	-4440.243	-5442.664	1002.421	1.268755	9.928825
3372	-4434.012	-5439.234	1005.222	1.326135	8.41705
3378	-4444.868	-5448.958	1004.09	1.377255	8.990347
3384	-4432.625	-5437.357	1004.732	1.353059	8.662928
3390	-4461.327	-5463.413	1002.086	1.226767	10.12717
3396	-4463.533	-5466.683	1003.151	1.223714	9.568044
3402	-4466.604	-5468.228	1001.624	1.251105	10.35745
3408	-4450.473	-5452.104	1001.631	1.243703	10.35745
3414	-4452.509	-5454.352	1001.843	1.235335	10.25052
3420	-4465.637	-5469.833	1004.195	1.363499	8.941921
3426	-4492.541	-5495.598	1003.058	1.287545	9.583402
3432	-4485.373	-5485.437	1000.064	1.176389	11.21435
3438	-4459.116	-5458.717	999.6004	1.253741	11.41642
3444	-4451.398	-5450.491	999.0929	1.268795	11.6738
3450	-4444.347	-5444.131	999.784	1.255706	11.31938
3456	-4441.247	-5442.049	1000.803	1.351459	10.73576
3462	-4446.742	-5446.605	999.8629	1.294399	11.25783
3468	-4453.611	-5456.214	1002.603	1.297303	9.81788
3474	-4453.178	-5456.086	1002.908	1.301835	9.654962
3480	-4438.238	-5438.972	1000.734	1.253734	10.82292
3486	-4449.299	-5448.568	999.2691	1.349974	11.5393
3492	-4448.296	-5451.146	1002.85	1.410643	9.628189
3498	-4436.933	-5437.018	1000.085	1.297602	11.13973
3504	-4437.901	-5438.482	1000.581	1.419676	10.81591
3510	-4458.937	-5461.378	1002.441	1.364894	9.867802
3516	-4455.622	-5458.491	1002.87	1.379913	9.633858
3522	-4452.212	-5455.679	1003.467	1.532668	9.237643
3528	-4451.414	-5453.252	1001.838	1.468151	10.13085
3534	-4436.905	-5439.212	1002.307	1.536405	9.847676
3540	-4451.41	-5456.395	1004.985	1.536405	8.431194
3546	-4468.806	-5473.889	1005.083	1.453703	8.423322
3552	-4460.39	-5462.503	1002.114	1.387764	10.02801
3558	-4471.017	-5472.895	1001.878	1.449695	10.11936
3564	-4466.31	-5467.646	1001.336	1.4227	10.41845
3570	-4485.097	-5490.602	1005.505	1.359599	8.248634
3576	-4484.074	-5491.989	1007.915	1.358944	6.958983
3582	-4462.512	-5463.445	1000.933	1.452478	10.61427
3588	-4448.675	-5447.777	999.1018	1.401897	11.59962
3594	-4454.597	-5453.437	998.8399	1.329564	11.77419
3600	-4450.193	-5447.461	997.2681	1.290722	12.61395
3606	-4456.752	-5457.792	1001.04	1.294085	10.64131
3612	-4446.976	-5451.785	1004.81	1.314686	8.642021
3618	-4445.945	-5451.257	1005.312	1.314686	8.375299
3624	-4434.79	-5440.397	1005.607	1.376548	8.185493
3630	-4428.319	-5433.926	1005.607	1.379103	8.184127
3636	-4418.775	-5425.435	1006.661	1.379103	7.621442
3642	-4436.387	-5442.307	1005.921	1.387476	8.012258
3648	-4438.029	-5444.396	1006.366	1.4479	7.742152
3654	-4437.373	-5443.377	1006.004	1.395226	7.963714
3660	-4448.107	-5454.413	1006.306	1.412736	7.793107
3666	-4449.833	-5458.617	1008.784	1.492478	6.417301
3672	-4451.215	-5460.264	1009.049	1.566337	6.233376
3678	-4443.592	-5452.72	1009.128	1.487037	6.233376
3684	-4436.204	-5444.584	1008.38	1.487037	6.639145
3690	-4436.649	-5445.624	1008.975	1.524906	6.295785
3696	-4437.396	-5446.59	1009.194	1.486722	6.197601
3702	-4449.224	-5456.106	1006.882	1.359235	7.513724
3708	-4453.476	-5459.899	1006.423	1.370767	7.752962
3714	-4444.276	-5450.944	1006.668	1.385417	7.61412
3720	-4458.552	-5465.17	1006.618	1.435373	7.61412
3726	-4459.837	-5468.2	1008.362	1.435373	6.676341
3732	-4479.351	-5486.428	1007.077	1.435373	7.368514
3738	-4477.129	-5483.706	1006.577	1.425977	7.641187
3744	-4485.146	-5491.675	1006.53	1.423805	7.6678
3750	-4475.404	-5480.924	1005.52	1.37155	8.234132
3756	-4470.199	-5471.665	1001.465	1.213483	10.46029
3762	-4462.865	-5464.86	1001.994	1.267882	10.15377
3768	-4442.565	-5447.484	1004.919	1.324981	8.578824
3774	-4452.045	-5455.694	1003.649	1.300364	9.264624
3780	-4451.517	-5456.808	1005.291	1.317049	8.385028
3786	-4468.876	-5474.643	1005.767	1.345372	8.116965
3792	-4470.361	-5476.087	1005.726	1.386017	8.116965
3798	-4480.461	-5484.512	1004.051	1.267068	9.069256
3804	-4482.012	-5484.561	1002.549	1.282795	9.853883
3810	-4467.339	-5470.784	1003.445	1.226441	9.411219
3816	-4471.616	-5476.157	1004.541	1.263072	8.812047
3822	-4473.742	-5479.921	1006.179	1.430647	7.851462
3828	-4461.762	-5467.554	1005.792	1.370918	8.089853
3834	-4481.198	-5480.664	999.4655	1.400554	11.41017
3840	-4481.843	-5487.034	1005.191	1.33845	8.426823
3846	-4479.718	-5484.895	1005.177	1.260224	8.476081
3852	-4455.198	-5456.581	1001.383	1.352677	10.43058
3858	-4449.67	-5451.895	1002.225	1.481478	9.920191
3864	-4455.33	-5456.541	1001.211	1.426284	10.48215
3870	-4429.342	-5430.032	1000.69	1.426284	10.75544
3876	-4439.137	-5437.649	998.5121	1.402254	11.9074
3882	-4436.585	-5433.697	997.1114	1.341447	12.66912
3888	-4437.953	-5435.065	997.112	1.341447	12.66881
3894	-4446.985	-5444.551	997.5668	1.502575	12.34805
3900	-4444.409	-5443.734	999.3251	1.438194	11.4639
3906	-4455.851	-5452.688	996.837	1.44839	12.75627
3912	-4458.285	-5453.176	994.8912	1.289095	13.84996
3918	-4468.213	-5463.622	995.409	1.342214	13.55371
3924	-4467.014	-5466.366	999.3518	1.229647	11.55895
3930	-4444.923	-5446.303	1001.381	1.463404	10.37365
3936	-4464.791	-5465.081	1000.289	1.545969	10.90283
3942	-4453.82	-5455.374	1001.553	1.432155	10.29919
3948	-4456.377	-5458.24	1001.864	1.387707	10.15957
3954	-4457.096	-5454.518	997.4222	1.391458	12.48124
3960	-4453.492	-5452.141	998.6492	1.308003	11.88503
3966	-4455.212	-5457.126	1001.914	1.251036	10.2049
3972	-4465.38	-5468.55	1003.17	1.247074	9.545311
3978	-4471.845	-5475.712	1003.867	1.344484	9.126034
3984	-4453.521	-5458.453	1004.932	1.266339	8.602921
3990	-4445.955	-5449.773	1003.818	1.232255	9.211279
3996	-4444.611	-5451.373	1006.762	1.36359	7.575824
4002	-4448.035	-5453.76	1005.725	1.32451	8.150289
4008	-4466.085	-5469.968	1003.883	1.317835	9.131406
4014	-4467.384	-5472.72	1005.335	1.276958	8.382853
4020	-4467.605	-5472.789	1005.184	1.401888	8.397047
4026	-4459.755	-5466.142	1006.387	1.356899	7.779551
4032	-4463.959	-5469.487	1005.528	1.308784	8.263687
4038	-4456.77	-5459.635	1002.864	1.308784	9.674157
4044	-4469.873	-5473.583	1003.71	1.259027	9.254224
4050	-4466.742	-5472.437	1005.695	1.30261	8.178122
4056	-4451.896	-5456.87	1004.974	1.311003	8.556828
4062	-4437.716	-5443.148	1005.432	1.350904	8.292395
4068	-4436.342	-5443.915	1007.574	1.421171	7.109236
4074	-4444.334	-5450.435	1006.101	1.366116	7.927746
4080	-4440.471	-5447.8	1007.33	1.425788	7.237957
4086	-4448.19	-5454.087	1005.897	1.425788	8.004685
4092	-4449.667	-5455.509	1005.841	1.289622	8.106785
4098	-4447.304	-5452.093	1004.789	1.446957	8.582625
4104	-4426.08	-5428.694	1002.614	1.274739	9.824007
4110	-4441.167	-5443.023	1001.856	1.26704	10.22684
4116	-4467.151	-5470.61	1003.459	1.304482	9.362689
4122	-4474.67	-5471.872	997.2023	1.516465	12.5307
4128	-4508.077	-5503.12	995.043	1.517436	13.65272
4134	-4459.563	-5464.385	1004.822	1.266594	8.660837
4140	-4475.709	-5477.736	1002.027	1.231434	10.15558
4146	-4483.338	-5485.778	1002.439	1.314781	9.894844
4152	-4475.128	-5480.914	1005.786	1.370726	8.093101
4158	-4475.55	-5480.291	1004.741	1.317148	8.67726
4164	-4457.701	-5458.274	1000.573	1.661987	10.69332
4170	-4485.779	-5490.475	1004.696	1.408126	8.652599
4176	-4486.92	-5493.398	1006.477	1.412395	7.701839
4182	-4486.383	-5493.045	1006.662	1.395257	7.612253
4188	-4483.25	-5491.946	1008.696	1.553692	6.431687
4194	-4488.469	-5496.396	1007.928	1.482373	6.885677
4200	-4490.926	-5496.394	1005.468	1.39658	8.248708
4206	-4485.767	-5491.272	1005.505	1.359599	8.248708
4212	-4471.977	-5475.65	1003.673	1.329291	9.236319
4218	-4462.457	-5466.436	1003.979	1.329406	9.074674
4224	-4465.345	-5469.266	1003.92	1.266558	9.138794
4230	-4471.907	-5480.614	1008.707	1.48903	6.460963
4236	-4466.506	-5475.747	1009.242	1.54018	6.142619
4242	-4465.302	-5463.581	998.2791	1.317266	12.07327
4248	-4484.675	-5489.451	1004.776	1.317266	8.658775
4254	-4490.115	-5496.59	1006.474	1.391525	7.714614
4260	-4485.911	-5491.835	1005.925	1.361361	8.024194
4266	-4497.651	-5502.32	1004.669	1.324426	8.71157
4272	-4501.049	-5509.996	1008.947	1.570484	6.28631
4278	-4484.62	-5492.425	1007.806	1.455397	6.966024
4284	-4462.626	-5469.232	1006.606	1.396535	7.641655
4290	-4450.216	-5458.384	1008.168	1.449423	6.773819
4296	-4458.205	-5467.656	1009.452	1.550554	6.022702
4302	-4453.354	-5462.07	1008.716	1.560968	6.416799
4308	-4456.886	-5465.447	1008.561	1.511667	6.527523
4314	-4455.171	-5463.482	1008.312	1.409505	6.717821
4320	-4462.983	-5470.022	1007.04	1.384788	7.415463
4326	-4447.632	-5453.801	1006.169	1.337367	7.906601
4332	-4451.639	-5456.818	1005.179	1.314112	8.446035
4338	-4444.21	-5450.044	1005.834	1.374685	8.065611
4344	-4445.097	-5450.756	1005.659	1.325814	8.184849
4350	-4438.338	-5444.882	1006.544	1.308043	7.722118
4356	-4448.907	-5455.634	1006.727	1.430834	7.558379
4362	-4446.352	-5454.025	1007.673	1.409549	7.062054
4368	-4460.692	-5468.139	1007.446	1.46819	7.152457
4374	-4476.649	-5482.309	1005.66	1.361162	8.165391
4380	-4481.76	-5488.965	1007.205	1.349591	7.345788
4386	-4472.95	-5481.334	1008.384	1.471115	6.645301
4392	-4460.246	-5467.289	1007.043	1.501491	7.351261
4398	-4447.391	-5454.289	1006.899	1.356325	7.506363
4404	-4454.102	-5459.552	1005.451	1.38022	8.266723
4410	-4466.031	-5472.273	1006.242	1.386967	7.841001
4416	-4456.772	-5462.332	1005.56	1.273076	8.265627
4422	-4455.339	-5457.703	1002.364	1.244612	9.971746
4428	-4444.35	-5448.833	1004.483	1.24406	8.852895
4434	-4437.653	-5443.126	1005.473	1.391615	8.248793
4440	-4437.451	-5443.289	1005.838	1.33548	8.084056
4446	-4436.784	-5442.557	1005.773	1.400976	8.084056
4452	-4465.105	-5470.652	1005.547	1.318152	8.248469
4458	-4465.401	-5470.484	1005.084	1.329999	8.488472
4464	-4443.491	-5448.836	1005.345	1.329999	8.349647
4470	-4439.322	-5439.336	1000.014	1.309363	11.17096
4476	-4465.823	-5463.719	997.8961	1.393459	12.23329
4482	-4458.148	-5459.017	1000.869	1.23293	10.76291
4488	-4464.857	-5467.917	1003.059	1.250184	9.602294
4494	-4449.683	-5449.54	999.8568	1.284314	11.26633
4500	-4453.436	-5453.375	999.9386	1.245181	11.24398
4506	-4447.042	-5447.128	1000.086	1.214073	11.18314
4512	-4472.059	-5473.376	1001.317	1.214073	10.53783
4518	-4456.981	-5456.039	999.058	1.334272	11.65782
4524	-4457.865	-5455.589	997.7241	1.361949	12.33932
4530	-4453.632	-5457.265	1003.633	1.328212	9.258145
4536	-4461.177	-5465.506	1004.328	1.347343	8.879983
4542	-4459.49	-5466.684	1007.194	1.494417	7.273974
4548	-4463.311	-5471.525	1008.214	1.513088	6.714466
4554	-4463.491	-5471.857	1008.366	1.473931	6.653438
4560	-4448.027	-5455.013	1006.985	1.473931	7.396849
4566	-4461.173	-5467.111	1005.938	1.324104	8.03692
4572	-4458.696	-5464.732	1006.035	1.32852	7.982664
4578	-4467.806	-5474.344	1006.538	1.36759	7.693499
4584	-4438.634	-5445.443	1006.809	1.408228	7.52647
4590	-4438.465	-5444.725	1006.261	1.404902	7.821617
4596	-4443.982	-5448.453	1004.471	1.351354	8.802222
4602	-4437.769	-5444.264	1006.496	1.351354	7.724583
4608	-4443.323	-5446.522	1003.199	1.330612	9.486221
4614	-4425.311	-5427.567	1002.256	1.270944	10.01428
4620	-4421.561	-5425.523	1003.962	1.317724	9.089823
4626	-4434.594	-5438.709	1004.115	1.31511	9.010244
4632	-4439.175	-5443.934	1004.759	1.305777	8.673614
4638	-4455.251	-5457.652	1002.401	1.293008	9.926693
4644	-4469.734	-5477.703	1007.969	1.558146	6.82254
4650	-4466.474	-5473.312	1006.838	1.530699	7.445331
4656	-4453.342	-5459.944	1006.602	1.412122	7.635246
4662	-4464.032	-5469.261	1005.229	1.351647	8.399485
4668	-4446.002	-5452.211	1006.208	1.382516	7.861568
4674	-4457.574	-5463.013	1005.44	1.381681	8.271686
4680	-4471.325	-5478.898	1007.573	1.52669	7.052931
4686	-4445.443	-5451.65	1006.208	1.388638	7.858688
4692	-4447.605	-5456.529	1008.924	1.506351	6.333737
4698	-4463.127	-5470.759	1007.632	1.463189	7.055116
4704	-4441.171	-5447.92	1006.749	1.40502	7.560322
4710	-4453.192	-5460.506	1007.314	1.406128	7.25682
4716	-4456.172	-5462.895	1006.723	1.341169	7.608488
4722	-4462.261	-5462.778	1000.517	1.338731	10.89201
4728	-4456.701	-5456.748	1000.047	1.325812	11.14521
4734	-4461.908	-5459.823	997.9157	1.353547	12.24385
4740	-4457.078	-5457.092	1000.014	1.414023	11.11636
4746	-4448.368	-5447.229	998.8603	1.438208	11.70678
4752	-4462.889	-5462.471	999.5816	1.40531	11.34698
4758	-4467.022	-5467.576	1000.554	1.279379	10.90369
4764	-4474.887	-5483.959	1009.071	1.587101	6.209829
4770	-4471.549	-5479.414	1007.865	1.533849	6.891758
4776	-4491.857	-5500.882	1009.026	1.533849	6.263554
4782	-4475.005	-5483.476	1008.471	1.566801	6.546392
4788	-4454.316	-5462.138	1007.822	1.566801	6.897101
4794	-4460.698	-5469.374	1008.675	1.566801	6.435756
4800	-4452.934	-5456.822	1003.887	1.358134	9.107723
4806	-4440.635	-5442.753	1002.118	1.341971	10.04953
4812	-4446.932	-5447.767	1000.834	1.413355	10.68659
4818	-4458.297	-5461.703	1003.406	1.380603	9.350278
4824	-4442.927	-5444.399	1001.472	1.408453	10.35424
4830	-4456.585	-5460.314	1003.729	1.359391	9.190863
4836	-4447.871	-5448.174	1000.304	1.481497	10.92919
4842	-4451.38	-5448.4	997.02	1.450022	12.66021
4848	-4445.125	-5443.762	998.6368	1.333439	11.87822
4854	-4446.746	-5448.375	1001.629	1.506954	10.2202
4860	-4456.159	-5467.006	1010.846	1.665693	5.193611
4866	-4470.045	-5480.503	1010.458	1.622939	5.431355
4872	-4462.732	-5473.087	1010.355	1.635229	5.481663
4878	-4462.544	-5471.507	1008.963	1.547875	6.289897
4884	-4450.556	-5459.675	1009.119	1.510054	6.225626
4890	-4455.846	-5464.544	1008.698	1.559901	6.427276
4896	-4471.204	-5479.856	1008.652	1.605962	6.427276
4902	-4479.455	-5487.032	1007.577	1.502033	7.064143
4908	-4461.277	-5469.206	1007.929	1.401159	6.92889
4914	-4450.517	-5456.179	1005.662	1.415967	8.135217
4920	-4457.963	-5463.174	1005.211	1.410538	8.377817
4926	-4471.167	-5476.135	1004.968	1.280602	8.575976
4932	-4486.886	-5490.548	1003.662	1.376048	9.21737
4938	-4501.421	-5507.05	1005.629	1.236087	8.248351
4944	-4496.343	-5488.514	992.1715	1.173084	15.31819
4950	-4468.955	-5466.732	997.7766	1.12812	12.43384
4956	-4465.231	-5465.631	1000.399	1.199123	11.02682
4962	-4498.081	-5494.517	996.4359	1.204001	13.09201
4968	-4476.4	-5472.924	996.5245	1.280551	13.00614
4974	-4467.296	-5469.842	1002.546	1.366384	9.811692
4980	-4454.417	-5457.535	1003.118	1.473077	9.453678
4986	-4440.104	-5443.672	1003.568	1.352865	9.279615
4992	-4434.557	-5435.524	1000.967	1.332186	10.65949
4998	-4443.171	-5445.361	1002.19	1.308306	10.02945
5004	-4441.831	-5444.617	1002.786	1.302972	9.718356
5010	-4440.883	-5445.368	1004.485	1.317603	8.812533
5016	-4458.064	-5462.975	1004.911	1.39342	8.546479
5022	-4463.736	-5467.269	1003.533	1.271866	9.340629
5028	-4461.476	-5468.085	1006.609	1.31821	7.681729
5034	-4458.252	-5464.421	1006.169	1.370815	7.888647
5040	-4464.982	-5469.724	1004.742	1.348984	8.659834
5046	-4472.626	-5476.357	1003.731	1.317595	9.211781
5052	-4457.061	-5460.547	1003.486	1.283804	9.359256
5058	-4468.285	-5473.079	1004.794	1.303416	8.656151
5064	-4473.101	-5476.76	1003.658	1.232876	9.295193
5070	-4472.968	-5478.797	1005.83	1.304019	8.10531
5076	-4448.191	-5452.057	1003.866	1.329239	9.134368
5082	-4452.485	-5456.147	1003.662	1.297939	9.258686
5088	-4462.886	-5468.279	1005.392	1.250457	8.366776
5094	-4455.094	-5461.736	1006.643	1.434348	7.601732
5100	-4429.805	-5434.707	1004.902	1.354735	8.571932
5106	-4447.337	-5454.835	1007.498	1.364481	7.180585
5112	-4448.601	-5457.052	1008.451	1.469523	6.609939
5118	-4454.617	-5463.098	1008.481	1.53664	6.557427
5124	-4447.29	-5456.223	1008.933	1.420145	6.37551
5130	-4447.191	-5453.94	1006.749	1.350127	7.589931
5136	-4457.332	-5462.489	1005.157	1.394952	8.414951
5142	-4444.403	-5448.563	1004.16	1.303996	8.991925
5148	-4446.752	-5448.948	1002.197	1.351939	10.00306
5154	-4451.487	-5453.816	1002.329	1.444924	9.884431
5160	-4461.345	-5462.612	1001.267	1.376519	10.47906
5166	-4466.25	-5472.495	1006.245	1.379346	7.843565
5172	-4461.874	-5464.904	1003.029	1.355221	9.562628
5178	-4449.867	-5449.279	999.412	1.270214	11.50632
5184	-4463.627	-5469.084	1005.457	1.29388	8.309202
5190	-4470.491	-5475.894	1005.403	1.347991	8.309202
5196	-4477.86	-5483.005	1005.145	1.414235	8.410959
5202	-4457.394	-5462.953	1005.559	1.371278	8.213684
5208	-4450.233	-5454.123	1003.89	1.255644	9.160673
5214	-4462.52	-5467.975	1005.454	1.336429	8.288131
5220	-4477.112	-5479.976	1002.863	1.284904	9.687344
5226	-4473.291	-5476.841	1003.55	1.347248	9.291913
5232	-4454.173	-5457.142	1002.969	1.347248	9.598699
5238	-4450.072	-5454.904	1004.832	1.308121	8.633804
5244	-4447.921	-5452.073	1004.153	1.26026	9.019248
5250	-4444.055	-5448.541	1004.487	1.328971	8.805922
5256	-4442.501	-5447.254	1004.752	1.324611	8.667322
5262	-4429.392	-5433.883	1004.491	1.324611	8.805878
5268	-4451.571	-5456.452	1004.882	1.364145	8.577627
5274	-4438.964	-5445.026	1006.062	1.436038	7.911279
5280	-4441.158	-5449.177	1008.019	1.48143	6.837157
5286	-4446.289	-5452.671	1006.382	1.406071	7.756379
5292	-4441.549	-5447.772	1006.223	1.352752	7.869754
5298	-4439.553	-5443.827	1004.274	1.361757	8.901123
5304	-4451.56	-5457.549	1005.989	1.361757	7.989663
5310	-4445.364	-5451.39	1006.026	1.374241	7.963099
5316	-4449.232	-5454.805	1005.573	1.374241	8.204687
5322	-4499.37	-5493.606	994.236	1.492975	14.08402
5328	-4498.223	-5493.561	995.3373	1.445931	13.53709
5334	-4456.001	-5458.404	1002.402	1.170503	9.990383
5340	-4450.346	-5450.084	999.7385	1.317041	11.31107
5346	-4443.41	-5444.937	1001.528	1.413223	10.32277
5352	-4442.76	-5444.704	1001.944	1.451665	10.08345
5358	-4445.859	-5446.827	1000.968	1.314113	10.66834
5364	-4456.813	-5457.162	1000.349	1.321664	10.98926
5370	-4463.091	-5461.409	998.3175	1.630442	11.88986
5376	-4452.895	-5451.794	998.8991	1.672238	11.56427
5382	-4438.883	-5437.877	998.9934	1.563624	11.57172
5388	-4441.124	-5438.852	997.7281	1.575416	12.22601
5394	-4447.821	-5443.635	995.8144	1.528541	13.24637
5400	-4459.191	-5454.677	995.4861	1.575899	13.39231
5406	-4452.312	-5454.217	1001.905	1.68184	9.983203
5412	-4426.74	-5426.63	999.8905	1.763885	10.9976
5418	-4449.411	-5448.253	998.8426	1.53699	11.66444
5424	-4445.019	-5442.147	997.1281	1.534131	12.5601
5430	-4440.049	-5437.145	997.0968	1.565411	12.5601
5436	-4447.425	-5443.367	995.942	1.664194	13.10955
5442	-4448.648	-5445.502	996.8543	1.544968	12.697
5448	-4434.529	-5429.66	995.1312	1.387471	13.67439
5454	-4427.901	-5422.97	995.0692	1.449479	13.67439
5460	-4420.107	-5415.178	995.0714	1.399251	13.69932
5466	-4447.46	-5443.578	996.1177	1.526965	13.08954
5472	-4451.305	-5448.444	997.1386	1.371095	12.63954
5478	-4449.372	-5446.362	996.9899	1.487667	12.65624
5484	-4420.383	-5417.296	996.9122	1.565365	12.65624
5490	-4421.567	-5420.774	999.2066	1.526326	11.47979
5496	-4427.413	-5423.588	996.1751	1.529299	13.05848
5502	-4466.461	-5464.275	997.814	1.589664	12.17377
5508	-4463.566	-5461.918	998.3522	1.590106	11.89277
5514	-4481.66	-5479.459	997.7989	1.67323	12.13809
5520	-4478.742	-5486.107	1007.366	1.457877	7.201305
5526	-4471.416	-5477.226	1005.809	1.448014	8.039457
5532	-4474.777	-5482.151	1007.374	1.468428	7.191071
5538	-4468.833	-5478.19	1009.357	1.468428	6.118934
5544	-4492.015	-5484.964	992.9491	1.545312	14.7235
5550	-4491.865	-5487.872	996.0071	1.704394	13.05478
5556	-4495.198	-5491.693	996.4951	1.674528	12.81653
5562	-4473.495	-5483.153	1009.657	1.611774	5.877031
5568	-4456.836	-5465.254	1008.418	1.590377	6.562545
5574	-4457.721	-5464.385	1006.665	1.395048	7.61092
5580	-4452.415	-5459.019	1006.605	1.454928	7.61092
5586	-4449.395	-5453.896	1004.5	1.454928	8.731833
5592	-4442.835	-5450.231	1007.396	1.380868	7.226216
5598	-4455.14	-5461.739	1006.599	1.491836	7.594173
5604	-4478.67	-5485.24	1006.57	1.402287	7.657427
5610	-4475.288	-5482.48	1007.192	1.437972	7.305085
5616	-4463.525	-5469.228	1005.702	1.386702	8.129138
5622	-4465.35	-5469.324	1003.975	1.362679	9.059245
5628	-4481.877	-5481.213	999.3365	1.509623	11.42059
5634	-4487.122	-5484.91	997.7879	1.58713	12.18873
5640	-4513.618	-5506.405	992.787	1.555178	14.80227
5646	-4505.229	-5500.166	994.9373	1.649063	13.63924
5652	-4507.325	-5502.642	995.3173	1.660066	13.43626
5658	-4523.244	-5520.716	997.4717	1.769643	12.25838
5664	-4489.116	-5492.543	1003.428	1.489107	9.281579
5670	-4489.341	-5490.663	1001.323	1.434918	10.41905
5676	-4474.047	-5473.977	999.9306	1.322873	11.20752
5682	-4473.412	-5471.157	997.7446	1.291284	12.36547
5688	-4487.224	-5491.248	1004.024	1.563178	8.927007
5694	-4472.64	-5472.252	999.612	1.568384	11.2458
5700	-4456.73	-5453.935	997.2052	1.479279	12.54854
5706	-4441.887	-5447.311	1005.424	1.285678	8.33102
5712	-4440.377	-5443.833	1003.456	1.239265	9.398649
5718	-4444.978	-5449.249	1004.272	1.37539	8.89528
5724	-4458.001	-5465.314	1007.313	1.386506	7.268217
5730	-4471.458	-5473.681	1002.223	1.237226	10.04955
5736	-4459.639	-5464.074	1004.435	1.362719	8.815172
5742	-4450.309	-5458.014	1007.704	1.454596	7.021024
5748	-4441.528	-5446.419	1004.892	1.454596	8.524284
5754	-4447.751	-5450.428	1002.677	1.397049	9.726177
5760	-4445.109	-5451.255	1006.146	1.397049	7.886974
5766	-4436.919	-5441.607	1004.688	1.397049	8.663019
5772	-4453.327	-5455.604	1002.278	1.361167	9.955572
5778	-4449.545	-5447.336	997.7906	1.50975	12.22767
5784	-4442.17	-5436.228	994.0581	1.261313	14.29625
5790	-4492.143	-5495.094	1002.951	1.389564	9.585873
5796	-4490.6	-5491.886	1001.286	1.224999	10.54842
5802	-4422.819	-5423.08	1000.261	1.286841	11.05317
5808	-4436.49	-5437.367	1000.877	1.318191	10.71389
5814	-4442.915	-5442.924	1000.009	1.261012	11.19864
5820	-4449.247	-5449.158	999.9114	1.261012	11.24996
5826	-4462.74	-5462.715	999.975	1.397979	11.14496
5832	-4456.466	-5460.612	1004.146	1.3707	8.964267
5838	-4443.745	-5448.351	1004.606	1.329496	8.742332
5844	-4431.206	-5430.406	999.1999	1.336363	11.58259
5850	-4441.148	-5440.454	999.3061	1.428339	11.47903
5856	-4454.984	-5454.95	999.9657	1.436752	11.12955
5862	-4457.351	-5457.52	1000.169	1.539505	10.96929
5868	-4461.456	-5461.829	1000.373	1.33561	10.96929
5874	-4452.181	-5453.004	1000.823	1.29796	10.75307
5880	-4443.888	-5446.304	1002.416	1.423043	9.850364
5886	-4438.497	-5440.798	1002.301	1.516626	9.861637
5892	-4433.491	-5432.176	998.6856	1.323288	11.85803
5898	-4437.347	-5437.087	999.7401	1.497536	11.21579
5904	-4446.463	-5448.459	1001.996	1.387215	10.08996
5910	-4450.633	-5450.411	999.7784	1.304826	11.29662
5916	-4448.89	-5447.771	998.881	1.393265	11.71944
5922	-4444.364	-5443.513	999.1486	1.497614	11.52514
5928	-4449.405	-5445.381	995.9754	1.455277	13.20074
5934	-4442.647	-5436.304	993.6573	1.444948	14.40875
5940	-4439.288	-5439.493	1000.205	1.537187	10.95186
5946	-4424.568	-5428.525	1003.956	1.375229	9.062338
5952	-4421.288	-5425.431	1004.143	1.398149	8.951332
5958	-4446.817	-5446.895	1000.078	1.431517	11.07362
5964	-4445.607	-5444.616	999.0094	1.628096	11.52968
5970	-4456.307	-5457.928	1001.621	1.797073	10.07193
5976	-4471.34	-5473.09	1001.75	1.695782	10.05727
5982	-4465.961	-5464.873	998.9121	1.591767	11.5995
5988	-4477.98	-5475.92	997.9399	1.463367	12.174
5994	-4453.167	-5452.72	999.5526	1.407844	11.36082
6000	-4477.051	-5487.439	1010.388	1.611175	5.476603
6006	-4493.758	-5501.216	1007.457	1.496194	7.131394
6012	-4469.167	-5466.125	996.9582	1.549359	12.64067
6018	-4464.124	-5465.405	1001.281	1.454999	10.43024
6024	-4479.813	-5477.981	998.1682	1.234626	12.17423
6030	-4487.778	-5483.01	995.2323	1.534221	13.54575
6036	-4491.328	-5487.836	996.508	1.572241	12.86301
6042	-4459.546	-5463.856	1004.309	1.313078	8.908212
6048	-4448.843	-5453.625	1004.782	1.284329	8.672842
6054	-4442.549	-5446.176	1003.627	1.458189	9.192588
6060	-4428.581	-5426.446	997.865	1.685006	12.09744
6066	-4434.158	-5432.084	997.9258	1.492499	12.16614
6072	-4453.979	-5452.742	998.7626	1.622148	11.66173
6078	-4449.704	-5454.222	1004.518	1.355732	8.774826
6084	-4459.509	-5464.603	1005.094	1.392631	8.449605
6090	-4475.511	-5484.642	1009.131	1.519653	6.214053
6096	-4472.079	-5481.621	1009.542	1.552877	5.972021
6102	-4488.641	-5482.65	994.0092	1.60128	14.14542
6108	-4474.364	-5466.956	992.5922	1.527048	14.91764
6114	-4464.898	-5457.44	992.5423	1.576879	14.91764
6120	-4460.246	-5455.483	995.2365	1.639829	13.48872
6126	-4468.962	-5465.584	996.6217	1.630721	12.77344
6132	-4472.222	-5481.069	1008.847	1.47323	6.393738
6138	-4476.338	-5483.98	1007.643	1.47323	7.044097
6144	-4450.589	-5458.538	1007.949	1.491388	6.869358
6150	-4449.767	-5457.841	1008.073	1.559916	6.765306
6156	-4455.543	-5461.788	1006.245	1.361195	7.853596
6162	-4467.616	-5473.484	1005.869	1.366064	8.051508
6168	-4473.38	-5480.364	1006.983	1.427891	7.422647
6174	-4478.773	-5487.161	1008.387	1.43618	6.662401
6180	-4458.184	-5466.449	1008.265	1.423224	6.73551
6186	-4461.308	-5467.719	1006.41	1.406355	7.741014
6192	-4468.249	-5470.514	1002.265	1.204694	10.04472
6198	-4450.694	-5449.862	999.1673	1.30591	11.61555
6204	-4450.949	-5448.476	997.527	1.529306	12.35482
6210	-4450.133	-5446.891	996.7582	1.512789	12.76379
6216	-4453.342	-5449.384	996.042	1.614732	13.08326
6222	-4441.281	-5442.057	1000.776	1.747412	10.54217
6228	-4450.577	-5451.9	1001.323	1.709635	10.27446
6234	-4465.355	-5466.204	1000.848	1.826913	10.46223
6240	-4453.083	-5452.127	999.044	1.702565	11.47266
6246	-4460.669	-5458.905	998.2359	1.693492	11.89952
6252	-4450.322	-5448.63	998.3084	1.620963	11.89952
6258	-4452.888	-5448.162	995.2742	1.531094	13.52561
6264	-4444.488	-5440.885	996.3967	1.540562	12.9374
6270	-4440.289	-5438.876	998.5871	1.643458	11.74229
6276	-4447.33	-5445.942	998.6116	1.618993	11.74229
6282	-4433.024	-5429.899	996.875	1.618993	12.64772
6288	-4424.824	-5421.38	996.5563	1.506854	12.87192
6294	-4426.836	-5423.77	996.9343	1.520692	12.668
6300	-4418.424	-5415.353	996.9293	1.525702	12.668
6306	-4409.65	-5406.066	996.4153	1.492481	12.95275
6312	-4426.85	-5428.113	1001.263	1.704449	10.30893
6318	-4437.408	-5440.15	1002.742	1.849671	9.453193
6324	-4435.483	-5436.369	1000.886	1.796874	10.45818
6330	-4441.865	-5443.725	1001.861	1.831342	9.9276
6336	-4448.211	-5451.494	1003.283	1.870808	9.156333
6342	-4448.935	-5450.164	1001.229	1.692183	10.33291
6348	-4476.945	-5475.878	998.9326	1.677237	11.54416
6354	-4476.397	-5476.905	1000.508	1.739514	10.68686
6360	-4459.563	-5457.956	998.3927	1.70325	11.81257
6366	-4465.649	-5463.76	998.1107	1.70325	11.95979
6372	-4448.466	-5447.267	998.8005	1.644253	11.6304
6378	-4457.45	-5456.151	998.7016	1.605689	11.70222
6384	-4452.219	-5448.096	995.877	1.520369	13.21807
6390	-4429.786	-5428.357	998.5708	1.648462	11.74817
6396	-4438.661	-5437.338	998.6775	1.628263	11.70302
6402	-4437.378	-5434.589	997.2106	1.516064	12.52656
6408	-4437.097	-5434.717	997.6199	1.574539	12.28284
6414	-4449.153	-5448.425	999.2724	1.416045	11.50305
6420	-4436.231	-5438.294	1002.064	1.48565	10.00277
6426	-4446.314	-5447.328	1001.014	1.520593	10.53601
6432	-4441.021	-5442.943	1001.923	1.492711	10.07329
6438	-4453.48	-5447.517	994.0365	1.417599	14.22648
6444	-4437.165	-5430.946	993.7809	1.417599	14.35891
6450	-4447.867	-5441.985	994.1175	1.471075	14.15675
6456	-4448.141	-5448.171	1000.03	1.251983	11.1925
6462	-4465.161	-5462.968	997.8068	1.282134	12.33785
6468	-4449.256	-5445.044	995.7872	1.496802	13.277
6474	-4451.054	-5451.48	1000.426	1.477837	10.86691
6480	-4440.693	-5441.048	1000.355	1.306666	10.99392
6486	-4433.907	-5435.079	1001.171	1.34586	10.54522
6492	-4434.1	-5441.199	1007.099	1.431927	7.358213
6498	-4423.511	-5425.801	1002.29	1.323042	9.969265
6504	-4430.576	-5426.225	995.649	1.277198	13.46284
6510	-4429.967	-5427.901	997.9344	1.276325	12.27438
6516	-4445.772	-5445.807	1000.036	1.318828	11.1547
6522	-4432.021	-5432.986	1000.965	1.329402	10.66229
6528	-4442.345	-5445.786	1003.442	1.354354	9.345477
6534	-4441.756	-5443.41	1001.654	1.321277	10.30483
6540	-4450.378	-5454.241	1003.863	1.337783	9.131526
6546	-4454.844	-5459.992	1005.148	1.432567	8.39982
6552	-4444.229	-5449.449	1005.22	1.360988	8.39982
6558	-4449.352	-5452.548	1003.197	1.35796	9.472782
6564	-4462.624	-5465.78	1003.157	1.331173	9.508205
6570	-4502.323	-5504.776	1002.454	1.281858	9.904745
6576	-4499.886	-5502.351	1002.465	1.270427	9.904745
6582	-4469.424	-5471.492	1002.068	1.894393	9.785248
6588	-4464.777	-5464.91	1000.133	1.826204	10.83781
6594	-4474.464	-5474.222	999.7579	1.754789	11.07181
6600	-4462.472	-5465.257	1002.785	1.300784	9.720008
6606	-4476.145	-5475.944	999.7988	1.141944	11.37111
6612	-4448.574	-5445.982	997.4076	1.651467	12.35338
6618	-4449.812	-5446.755	996.9431	1.625158	12.60907
6624	-4463.106	-5458.911	995.8053	1.53604	13.24719
6630	-4457.21	-5455.726	998.5165	1.764242	11.71608
6636	-4452.772	-5454.164	1001.392	1.853856	10.16231
6642	-4449.137	-5448.855	999.7176	1.853856	11.04104
6648	-4440.553	-5439.574	999.0205	1.734926	11.46805
6654	-4457.425	-5454.252	996.8274	1.780705	12.58831
6660	-4457.56	-5459.026	1001.467	1.846465	10.12705
6666	-4452.565	-5453.217	1000.652	1.810504	10.57376
6672	-4469.764	-5468.777	999.0134	1.667412	11.50703
6678	-4489.561	-5486.383	996.8212	1.700332	12.63335
6684	-4497.484	-5501.754	1004.27	1.32558	8.922202
6690	-4487.575	-5483.716	996.1411	1.460306	13.11203
6696	-4475.358	-5473.004	997.6455	1.644787	12.23287
6702	-4465.348	-5471.733	1006.385	1.450267	7.730975
6708	-4458.199	-5465.734	1007.535	1.438088	7.120909
6714	-4452.927	-5461.243	1008.316	1.501771	6.665399
6720	-4446.884	-5456.163	1009.28	1.501771	6.142873
6726	-4445.76	-5455.028	1009.269	1.609777	6.090166
6732	-4449.85	-5459.174	1009.324	1.554033	6.090166
6738	-4467.967	-5477.764	1009.797	1.554033	5.832093
6744	-4472.578	-5481.855	1009.277	1.567979	6.108446
6750	-4458.105	-5467.748	1009.643	1.547788	5.919818
6756	-4448.623	-5458.021	1009.398	1.569263	6.041918
6762	-4463.805	-5472.311	1008.506	1.464069	6.58332
6768	-4450.32	-5459.491	1009.171	1.581135	6.159015
6774	-4473.19	-5482.97	1009.779	1.57543	5.830048
6780	-4461.406	-5471.186	1009.779	1.57543	5.830048
6786	-4481.153	-5491.319	1010.166	1.608722	5.600162
6792	-4500.707	-5502.505	1001.798	1.858979	9.945821
6798	-4492.069	-5491.643	999.5738	1.858979	11.11369
6804	-4493.2	-5490.331	997.1314	1.591059	12.52874
6810	-4465.65	-5465.141	999.4911	1.634089	11.27467
6816	-4471.038	-5467.37	996.3318	1.614765	12.93257
6822	-4464.372	-5462.541	998.1693	1.523807	12.02281
6828	-4469.182	-5465.834	996.6527	1.518549	12.81565
6834	-4473.499	-5476.575	1003.076	1.304466	9.564806
6840	-4488.528	-5488.363	999.8356	1.85807	10.97705
6846	-4492.295	-5494.748	1002.454	2.029796	9.510493
6852	-4483.324	-5496.12	1012.796	1.787569	4.031028
6858	-4478.535	-5491.356	1012.821	1.787569	4.01693
6864	-4471.269	-5483.036	1011.768	1.661572	4.683371
6870	-4471.265	-5481.344	1010.08	1.590002	5.65765
6876	-4454.019	-5463.313	1009.294	1.534963	6.117187
6882	-4458.096	-5466.514	1008.417	1.488679	6.617911
6888	-4446.125	-5454.19	1008.065	1.533528	6.784103
6894	-4474.609	-5482.745	1008.136	1.52576	6.749641
6900	-4455.978	-5464.921	1008.943	1.535746	6.307286
6906	-4460.777	-5469.997	1009.22	1.551047	6.148459
6912	-4477.888	-5487.863	1009.974	1.652184	5.681251
6918	-4473.961	-5485.073	1011.112	1.740194	5.005178
6924	-4467.355	-5478.858	1011.504	1.728021	4.793825
6930	-4470.767	-5482.724	1011.957	1.760562	4.521723
6936	-4462.226	-5472.652	1010.426	1.760562	5.373677
6942	-4476.577	-5487.597	1011.02	1.621651	5.121779
6948	-4444.048	-5454.387	1010.339	1.615353	5.501213
6954	-4442.118	-5452.328	1010.211	1.615353	5.571899
6960	-4452.629	-5462.057	1009.429	1.557077	6.031577
6966	-4458.125	-5466.614	1008.489	1.510803	6.566867
6972	-4461.709	-5471.114	1009.405	1.531652	6.058549
6978	-4458.591	-5466.838	1008.248	1.496127	6.705572
6984	-4449.787	-5456.466	1006.679	1.423807	7.58797
6990	-4434.942	-5443.007	1008.065	1.559776	6.77006
6996	-4453.914	-5463.18	1009.266	1.559776	6.118501
7002	-4448.907	-5458.757	1009.85	1.57671	5.790729
7008	-4448.208	-5456.033	1007.825	1.493939	6.934675
7014	-4463.124	-5471.226	1008.102	1.557381	6.751217
7020	-4443.158	-5453.216	1010.058	1.669899	5.625509
7026	-4436.176	-5447.033	1010.857	1.710576	5.162702
7032	-4447.793	-5458.92	1011.127	1.631268	5.057254
7038	-4445.299	-5456.467	1011.168	1.733149	4.977735
7044	-4444.476	-5454.131	1009.654	1.65456	5.855168
7050	-4449.365	-5459.879	1010.514	1.66886	5.375344
7056	-4437.091	-5446.775	1009.684	1.57556	5.882144
7062	-4440.716	-5445.715	1004.999	1.354234	8.520348
7068	-4452.557	-5458.376	1005.818	1.428509	8.045165
7074	-4436.343	-5445.113	1008.77	1.536549	6.400717
7080	-4443.567	-5453.229	1009.661	1.632774	5.863226
7086	-4445.157	-5454.962	1009.805	1.638913	5.781125
7092	-4424.213	-5433.604	1009.391	1.625935	6.014677
7098	-4438.319	-5447.818	1009.499	1.517897	6.014677
7104	-4444.366	-5451.401	1007.035	1.398588	7.41049
7110	-4445.259	-5452.206	1006.947	1.431953	7.440116
7116	-4425.255	-5431.863	1006.608	1.431953	7.621368
7122	-4413.777	-5421.691	1007.913	1.350566	6.964515
7128	-4425.976	-5433.45	1007.474	1.411962	7.167919
7134	-4435.032	-5443.085	1008.053	1.50975	6.803312
7140	-4444.28	-5451.031	1006.752	1.45282	7.533348
7146	-4432.365	-5440.297	1007.932	1.412183	6.921406
7152	-4447.192	-5455.014	1007.822	1.521943	6.921406
7158	-4454.703	-5464.264	1009.561	1.554564	5.960953
7164	-4454.393	-5462.136	1007.743	1.521771	6.963845
7170	-4440.053	-5445.914	1005.861	1.462818	8.004079
7176	-4462.914	-5470.675	1007.762	1.494735	6.968302
7182	-4450.717	-5456.007	1005.29	1.37123	8.356772
7188	-4462.702	-5470.943	1008.242	1.407406	6.756556
7194	-4449.708	-5451.08	1001.371	1.304782	10.46193
7200	-4459.92	-5461.563	1001.643	1.296897	10.32341
7206	-4459.445	-5461.653	1002.208	1.352541	9.996711
7212	-4453.929	-5455.881	1001.952	1.392523	10.11075
7218	-4454.426	-5453.86	999.4339	1.293343	11.48278
7224	-4434.589	-5432.424	997.8347	1.255706	12.33709
7230	-4420.943	-5419.156	998.2126	1.286282	12.12413
7236	-4441.692	-5442.431	1000.739	1.284821	10.80411
7242	-4457.3	-5457.108	999.8075	1.187824	11.34259
7248	-4470.538	-5468.514	997.9759	1.142437	12.3225
7254	-4461.889	-5461.339	999.4499	1.341828	11.44907
7260	-4460.959	-5462.144	1001.186	1.341828	10.53973
7266	-4456.805	-5461.386	1004.582	1.486149	8.672011
7272	-4448.739	-5455.055	1006.316	1.428654	7.779611
7278	-4457.587	-5462.398	1004.812	1.428654	8.580458
7284	-4458.613	-5463.421	1004.808	1.432151	8.580458
7290	-4471.239	-5476.106	1004.867	1.543969	8.489696
7296	-4472.446	-5476.912	1004.466	1.437656	8.759188
7302	-4473.959	-5478.823	1004.865	1.432974	8.549997
7308	-4479.997	-5482.616	1002.619	1.372852	9.769846
7314	-4487.211	-5489.072	1001.861	1.362286	10.17431
7320	-4481.241	-5485.84	1004.599	1.49061	8.660319
7326	-4465.449	-5472.954	1007.505	1.504781	7.101082
7332	-4481.622	-5488.175	1006.553	1.481814	7.624456
7338	-4476.129	-5483.288	1007.16	1.463463	7.308981
7344	-4476.893	-5485.528	1008.634	1.51322	6.487156
7350	-4478.908	-5487.03	1008.122	1.51322	6.764338
7356	-4456.818	-5463.393	1006.575	1.386921	7.663185
7362	-4476.821	-5485.243	1008.421	1.464359	6.628852
7368	-4477.085	-5485.584	1008.499	1.473186	6.581862
7374	-4476.183	-5484.686	1008.503	1.469466	6.581862
7380	-4478.369	-5486.336	1007.967	1.455856	6.87887
7386	-4490.179	-5497.681	1007.502	1.461068	7.126295
7392	-4459.457	-5467.199	1007.742	1.478077	6.987774
7398	-4470.382	-5480.336	1009.954	1.554234	5.746052
7404	-4472.669	-5481.898	1009.229	1.55834	6.139597
7410	-4468.452	-5476.781	1008.329	1.492689	6.66319
7416	-4453.266	-5461.799	1008.533	1.510375	6.543357
7422	-4463.107	-5472.028	1008.922	1.510375	6.332867
7428	-4475.442	-5483.915	1008.473	1.439838	6.613924
7434	-4473.612	-5481.172	1007.56	1.464855	7.093053
7440	-4465.952	-5473.332	1007.38	1.416583	7.21594
7446	-4447.038	-5454.824	1007.785	1.426729	6.992282
7452	-4480.411	-5492.585	1012.174	1.835044	4.357246
7458	-4484.399	-5496.913	1012.513	1.835044	4.165114
7464	-4468.447	-5477.249	1008.802	1.592198	6.353491
7470	-4450.762	-5459.746	1008.984	1.57543	6.263529
7476	-4442.329	-5452.205	1009.876	1.596334	5.765702
7482	-4435.838	-5445.46	1009.622	1.548855	5.930748
7488	-4439.96	-5448.914	1008.954	1.494686	6.323947
7494	-4448.597	-5457.453	1008.856	1.59202	6.323947
7500	-4441.404	-5451.137	1009.733	1.559121	5.8643
7506	-4445.355	-5455.4	1010.045	1.61041	5.665361
7512	-4435.397	-5446.028	1010.63	1.56921	5.366325
7518	-4430.094	-5438.458	1008.364	1.507657	6.63634
7524	-4439.483	-5449.083	1009.6	1.482882	5.978717
7530	-4437.754	-5445.971	1008.217	1.520677	6.708866
7536	-4408.707	-5418.209	1009.502	1.520677	6.011624
7542	-4429.628	-5436.614	1006.986	1.403687	7.434186
7548	-4429.489	-5436.529	1007.04	1.349653	7.434186
7554	-4435.505	-5442.545	1007.04	1.349653	7.434186
7560	-4447.598	-5452.805	1005.206	1.296614	8.441131
7566	-4450.67	-5458.989	1008.32	1.411832	6.712233
7572	-4464.547	-5473.166	1008.619	1.393679	6.559976
7578	-4458.514	-5466.514	1007.999	1.393679	6.894886
7584	-4468.097	-5475.991	1007.894	1.393679	6.951784
7590	-4441.468	-5449.333	1007.866	1.394334	6.966582
7596	-4433.279	-5442.147	1008.868	1.384606	6.430034
7602	-4410.187	-5419.148	1008.961	1.485755	6.324813
7608	-4427.922	-5437.066	1009.144	1.478151	6.229598
7614	-4440.03	-5449.171	1009.141	1.480561	6.229598
7620	-4434.462	-5443.162	1008.7	1.387196	6.52002
7626	-4418.404	-5428.873	1010.469	1.579778	5.449309
7632	-4421.541	-5432.021	1010.48	1.540514	5.464779
7638	-4426.381	-5435.725	1009.344	1.472356	6.123887
7644	-4439.234	-5448.986	1009.753	1.472356	5.900995
7650	-4436.723	-5445.104	1008.38	1.494595	6.634666
7656	-4433.197	-5438.973	1005.776	1.34376	8.112674
7662	-4430.695	-5436.397	1005.703	1.416888	8.112851
7668	-4435.962	-5441.384	1005.422	1.390836	8.276456
7674	-4426.633	-5434.652	1008.019	1.404284	6.878381
7680	-4418.529	-5426.469	1007.94	1.404284	6.921084
7686	-4432.612	-5439.377	1006.766	1.342498	7.585035
7692	-4450.133	-5455.914	1005.781	1.262754	8.153443
7698	-4450.598	-5456.49	1005.891	1.333395	8.05698
7704	-4436.231	-5439.752	1003.521	1.234424	9.367079
7710	-4421.282	-5426.265	1004.983	1.355209	8.528453
7716	-4432.968	-5432.646	999.6776	1.218306	11.39459
7722	-4410.944	-5409.575	998.6309	1.144243	11.98004
7728	-4411.725	-5414.274	1002.548	1.217325	9.888881
7734	-4425.056	-5425.46	1000.404	1.105775	11.07358
7740	-4400.436	-5402.73	1002.294	1.297317	9.980579
7746	-4402.603	-5401.718	999.1157	1.3006	11.64527
7752	-4396.988	-5396.163	999.1759	1.240378	11.64527
7758	-4411.158	-5410.459	999.3013	1.219683	11.59056
7764	-4409.122	-5410.782	1001.66	1.212682	10.35844
7770	-4425.141	-5429.22	1004.079	1.201026	9.089534
7776	-4447.986	-5452.982	1004.996	1.316143	8.542255
7782	-4451.837	-5457.523	1005.686	1.303308	8.182359
7788	-4423.317	-5427.937	1004.621	1.257475	8.772677
7794	-4441.29	-5448.258	1006.968	1.321698	7.4876
7800	-4445.642	-5452.661	1007.019	1.349957	7.445527
7806	-4455.384	-5460.387	1005.003	1.296682	8.54895
7812	-4444.885	-5445.971	1001.086	1.192052	10.67072
7818	-4441.923	-5443.222	1001.299	1.367589	10.46698
7824	-4428.313	-5430.516	1002.203	1.488143	9.927873
7830	-4426.871	-5428.072	1001.201	1.566016	10.41396
7836	-4423.168	-5424.08	1000.912	1.566016	10.56553
7842	-4420.366	-5417.614	997.2476	1.458065	12.53748
7848	-4434.624	-5435.821	1001.197	1.337635	10.5363
7854	-4425.511	-5425.7	1000.189	1.325633	11.07091
7860	-4429.731	-5431.581	1001.849	1.404495	10.15817
7866	-4448.645	-5451.067	1002.422	1.330713	9.895579
7872	-4461.301	-5464.849	1003.549	1.347241	9.292552
7878	-4474.185	-5479.15	1004.966	1.445918	8.489658
