Iteration	Posterior	Likelihood	Prior	rate_log_sd	tree_length
0	-4452.618	-5460.498	1007.879	1.463633	6.921783
6	-4440.802	-5444.766	1003.964	1.433862	9.02717
12	-4440.605	-5448.396	1007.791	1.473961	6.963684
18	-4445.036	-5452.329	1007.293	1.429475	7.255621
24	-4455.938	-5463.42	1007.482	1.466286	7.13433
30	-4463.083	-5470.837	1007.753	1.413319	7.016709
36	-4467.321	-5475.986	1008.665	1.488568	6.483923
42	-4463.162	-5469.497	1006.335	1.395761	7.786847
48	-4473.894	-5481.585	1007.691	1.387225	7.064371
54	-4464.173	-5472.878	1008.705	1.458448	6.478729
60	-4457.764	-5466.597	1008.833	1.448176	6.414493
66	-4448.495	-5455.247	1006.752	1.433763	7.543374
72	-4419.885	-5425.914	1006.029	1.384031	7.956221
78	-4448.686	-5455.778	1007.091	1.401876	7.378692
84	-4458.964	-5466.108	1007.144	1.509749	7.29249
90	-4446.528	-5453.761	1007.233	1.44377	7.279902
96	-4441.744	-5448.518	1006.774	1.424689	7.536689
102	-4433.058	-5439.885	1006.828	1.370715	7.536689
108	-4430.601	-5438.187	1007.586	1.431943	7.096621
114	-4438.197	-5446.301	1008.105	1.45762	6.803606
120	-4430.833	-5439.389	1008.557	1.489586	6.541942
126	-4431.954	-5441.341	1009.387	1.496288	6.087565
132	-4453.983	-5461.613	1007.63	1.463699	7.056249
138	-4458.352	-5464.404	1006.052	1.380943	7.945746
144	-4464.456	-5470.294	1005.838	1.373026	8.064413
150	-4457.065	-5461.972	1004.908	1.333687	8.579999
156	-4457.364	-5462.523	1005.159	1.376567	8.423669
162	-4465.574	-5470.941	1005.367	1.3001	8.353951
168	-4459.754	-5466.14	1006.386	1.396351	7.759254
174	-4472.851	-5479.889	1007.038	1.374072	7.422129
180	-4460.407	-5466.57	1006.163	1.398188	7.877381
186	-4463.159	-5465.484	1002.325	1.262452	9.98273
192	-4437.263	-5442.241	1004.978	1.35319	8.532318
198	-4431.78	-5433.688	1001.908	1.282007	10.19191
204	-4420.058	-5422.733	1002.675	1.224199	9.818681
210	-4424.006	-5422.128	998.121	1.149187	12.24335
216	-4422.52	-5422.993	1000.473	1.161067	11.0081
222	-4415.843	-5418.467	1002.625	1.220776	9.846872
228	-4406.696	-5409.3	1002.604	1.241133	9.846872
234	-4439.017	-5443.947	1004.929	1.263497	8.605732
240	-4457.653	-5461.135	1003.482	1.215649	9.397339
246	-4457.273	-5462.405	1005.132	1.357987	8.447899
252	-4434.038	-5439.323	1005.285	1.307501	8.393492
258	-4441.581	-5449.03	1007.449	1.330104	7.22509
264	-4429.322	-5434.891	1005.57	1.323337	8.233503
270	-4435.645	-5441.07	1005.425	1.37069	8.285435
276	-4424.468	-5429.649	1005.181	1.37069	8.415385
282	-4431.117	-5437.313	1006.196	1.37069	7.874412
288	-4447.548	-5451.3	1003.752	1.257445	9.232356
294	-4450.461	-5456.904	1006.443	1.449205	7.700337
300	-4429.168	-5434.707	1005.539	1.329714	8.246595
306	-4445.68	-5451.183	1005.502	1.366325	8.246595
312	-4445.472	-5450.595	1005.123	1.366325	8.448443
318	-4459.884	-5465.77	1005.886	1.36718	8.041676
324	-4447.232	-5452.754	1005.522	1.424178	8.205142
330	-4441.811	-5447.333	1005.522	1.424178	8.205142
336	-4454.361	-5459.664	1005.303	1.368414	8.351668
342	-4465.504	-5470.23	1004.726	1.352791	8.66638
348	-4453.246	-5459.049	1005.803	1.352791	8.093614
354	-4422.865	-5428.226	1005.361	1.341124	8.335061
360	-4437.478	-5441.418	1003.94	1.337745	9.090596
366	-4441.97	-5448.125	1006.155	1.395288	7.883188
372	-4458.925	-5463.572	1004.648	1.3267	8.721709
378	-4470.863	-5475.525	1004.662	1.312767	8.721709
384	-4477.409	-5482.576	1005.167	1.256862	8.483308
390	-4459.095	-5464.721	1005.625	1.354634	8.187307
396	-4444.635	-5449.661	1005.026	1.354634	8.506102
402	-4459.591	-5463.585	1003.994	1.291544	9.086511
408	-4441.911	-5445.85	1003.938	1.340097	9.090325
414	-4434.788	-5438.268	1003.48	1.271404	9.368842
420	-4442.885	-5446.34	1003.455	1.296334	9.368842
426	-4453.438	-5452.806	999.3673	1.36445	11.48043
432	-4463.82	-5462.062	998.2418	1.31139	12.0958
438	-4454.9	-5461.32	1006.419	1.312926	7.785969
444	-4450.819	-5456.653	1005.835	1.330365	8.088519
450	-4444.109	-5451.796	1007.687	1.37199	7.074924
456	-4444.021	-5448.899	1004.878	1.266219	8.631557
462	-4447.706	-5453.257	1005.551	1.370889	8.218046
468	-4441.192	-5446.75	1005.558	1.364467	8.218046
474	-4461.469	-5469.643	1008.174	1.48899	6.749119
480	-4457.416	-5466.333	1008.918	1.50096	6.340034
486	-4452.703	-5460.728	1008.025	1.498419	6.824281
492	-4449.969	-5458.786	1008.818	1.500113	6.394731
498	-4452.939	-5461.389	1008.451	1.500113	6.593719
504	-4458.389	-5468.247	1009.857	1.541639	5.8059
510	-4460.755	-5470.709	1009.955	1.539453	5.753754
516	-4453.722	-5462.656	1008.934	1.507203	6.327941
522	-4451.739	-5460.7	1008.961	1.462269	6.337796
528	-4434.419	-5443.305	1008.886	1.53653	6.337796
534	-4445.403	-5454.139	1008.736	1.493802	6.442536
540	-4453.32	-5462.206	1008.886	1.509315	6.3527
546	-4461.046	-5470.268	1009.222	1.54835	6.148826
552	-4448.262	-5456.873	1008.61	1.454187	6.532098
558	-4459.511	-5468.348	1008.837	1.536103	6.365
564	-4441.499	-5447.666	1006.167	1.347363	7.902479
570	-4450.187	-5456.086	1005.899	1.351959	8.042759
576	-4440.016	-5445.733	1005.717	1.319906	8.156821
582	-4464.676	-5470.729	1006.053	1.315821	7.979767
588	-4460.493	-5465.416	1004.924	1.315253	8.581293
594	-4454.439	-5458.939	1004.5	1.226179	8.853068
600	-4444.496	-5449.056	1004.56	1.358227	8.751202
606	-4462.505	-5469.117	1006.611	1.358227	7.659194
612	-4489.967	-5496.976	1007.009	1.361902	7.444278
618	-4476.161	-5483.131	1006.969	1.401343	7.444278
624	-4482.849	-5490.492	1007.643	1.459921	7.050889
630	-4491.657	-5499.519	1007.862	1.449042	6.938969
636	-4486.459	-5492.864	1006.405	1.374661	7.760488
642	-4477.449	-5483.307	1005.858	1.3539	8.063714
648	-4465.274	-5471.153	1005.879	1.33224	8.064178
654	-4461.23	-5467.086	1005.856	1.355401	8.064178
660	-4458.374	-5463.397	1005.022	1.355401	8.507525
666	-4473.519	-5477.233	1003.714	1.265754	9.248237
672	-4461.767	-5465.819	1004.052	1.295982	9.053339
678	-4471.465	-5475.486	1004.021	1.233419	9.10308
684	-4454.193	-5458.385	1004.192	1.272688	8.991991
690	-4463.9	-5466.712	1002.812	1.243598	9.736171
696	-4459.144	-5463.436	1004.293	1.234625	8.958571
702	-4448.343	-5452.566	1004.223	1.30411	8.958571
708	-4458.255	-5463.251	1004.996	1.379342	8.50902
714	-4446.843	-5452.342	1005.499	1.349797	8.256901
720	-4435.51	-5440.971	1005.461	1.28086	8.313926
726	-4449.845	-5455.002	1005.158	1.285791	8.472732
732	-4424.158	-5428.578	1004.42	1.35284	8.828493
738	-4438.576	-5442.587	1004.011	1.362587	9.039915
744	-4445.795	-5450.556	1004.76	1.335783	8.65704
750	-4444.251	-5450.06	1005.809	1.388837	8.071031
756	-4420.871	-5426.407	1005.536	1.330329	8.247774
762	-4423.553	-5430.635	1007.082	1.379795	7.395632
768	-4421.615	-5427.272	1005.657	1.320329	8.188498
774	-4444.133	-5449.375	1005.242	1.409812	8.362126
780	-4440.955	-5448.359	1007.404	1.38084	7.222092
786	-4455.974	-5464.97	1008.996	1.55491	6.268006
792	-4451.941	-5459.086	1007.145	1.432959	7.332942
798	-4452.214	-5456.903	1004.689	1.325565	8.700337
804	-4461.794	-5464.081	1002.286	1.302322	9.982069
810	-4453.917	-5459.352	1005.435	1.337088	8.297978
816	-4463.14	-5466.405	1003.264	1.344519	9.444227
822	-4456.262	-5459.617	1003.355	1.2784	9.431404
828	-4437.335	-5440.132	1002.797	1.341348	9.69259
834	-4439.363	-5443.179	1003.816	1.287473	9.183025
840	-4461.304	-5463.857	1002.553	1.400757	9.789789
846	-4458.624	-5463.715	1005.091	1.383608	8.45623
852	-4441.066	-5445.465	1004.399	1.353617	8.839312
858	-4445.504	-5450.403	1004.9	1.34993	8.575677
864	-4435.416	-5440.338	1004.922	1.32725	8.575677
870	-4428.695	-5432.441	1003.746	1.313757	9.205966
876	-4430.799	-5435.538	1004.739	1.283731	8.695962
882	-4421.436	-5425.02	1003.584	1.275903	9.311489
888	-4437.857	-5442.213	1004.355	1.375166	8.851015
894	-4444.045	-5448.9	1004.855	1.373727	8.586621
900	-4447.868	-5453.193	1005.325	1.417148	8.314001
906	-4452.1	-5459.484	1007.384	1.391821	7.226786
912	-4464.986	-5470.72	1005.734	1.307697	8.154391
918	-4465.931	-5471.305	1005.374	1.348174	8.324287
924	-4459.111	-5463.768	1004.657	1.321485	8.7195
930	-4462.016	-5467.033	1005.017	1.366522	8.504715
936	-4454.706	-5459.679	1004.973	1.410546	8.504715
942	-4450.562	-5455.494	1004.931	1.340829	8.563643
948	-4482.738	-5487.196	1004.458	1.28377	8.844891
954	-4457.865	-5461.823	1003.958	1.313506	9.094102
960	-4455.933	-5456.308	1000.375	1.232356	11.02243
966	-4452.678	-5455.777	1003.099	1.258111	9.577105
972	-4453.597	-5455.425	1001.828	1.178517	10.28827
978	-4457.688	-5461.258	1003.57	1.223802	9.346834
984	-4459.13	-5463.14	1004.01	1.313154	9.066841
990	-4454.086	-5458.218	1004.133	1.315996	9.000228
996	-4463.155	-5466.6	1003.445	1.325847	9.358623
1002	-4461.941	-5467.901	1005.96	1.362446	8.004592
1008	-4464.703	-5471.843	1007.14	1.443498	7.330141
1014	-4450.401	-5455.194	1004.793	1.414499	8.59789
1020	-4465.311	-5470.438	1005.127	1.348865	8.455524
1026	-4441.154	-5446.003	1004.849	1.339966	8.607852
1032	-4453.984	-5459.961	1005.977	1.366773	7.993621
1038	-4462.818	-5467.174	1004.357	1.36441	8.856006
1044	-4472.377	-5478.116	1005.739	1.370563	8.118381
1050	-4465.181	-5469.267	1004.086	1.324602	9.020369
1056	-4458.072	-5461.98	1003.908	1.392954	9.078571
1062	-4459.578	-5464.383	1004.805	1.380711	8.609797
1068	-4441.921	-5445.108	1003.187	1.348084	9.483268
1074	-4455.884	-5459.059	1003.175	1.359842	9.483268
1080	-4461.546	-5463.693	1002.147	1.234922	10.09097
1086	-4477.252	-5475.279	998.0269	1.219643	12.25571
1092	-4453.559	-5450.139	996.5796	1.236075	13.00062
1098	-4472.954	-5471.456	998.5023	1.262553	11.9854
1104	-4452.131	-5452.535	1000.404	1.242235	11.00213
1110	-4452.03	-5451.625	999.5951	1.276978	11.40707
1116	-4469.35	-5470.634	1001.284	1.29833	10.51117
1122	-4462.182	-5466.606	1004.424	1.367817	8.818584
1128	-4459.046	-5460.054	1001.008	1.435349	10.58393
1134	-4467.374	-5475.996	1008.622	1.51427	6.49306
1140	-4473.196	-5478.901	1005.705	1.427335	8.106104
1146	-4487.982	-5496.451	1008.469	1.511025	6.578045
1152	-4510.64	-5518.505	1007.866	1.48161	6.91955
1158	-4497.038	-5504.095	1007.056	1.505711	7.3417
1164	-4483.791	-5490.424	1006.633	1.441483	7.602984
1170	-4451.901	-5459.466	1007.565	1.474176	7.08531
1176	-4441.771	-5447.503	1005.732	1.432813	8.088677
1182	-4444.142	-5449.421	1005.278	1.28995	8.406285
1188	-4452.502	-5457.804	1005.302	1.259394	8.409732
1194	-4465.847	-5471.542	1005.696	1.313395	8.171654
1200	-4453.813	-5460.16	1006.347	1.378389	7.789908
1206	-4464.784	-5469.551	1004.767	1.287113	8.679411
1212	-4460.329	-5465.466	1005.136	1.355652	8.446818
1218	-4464.809	-5469.352	1004.544	1.309869	8.785749
1224	-4452.831	-5457.563	1004.732	1.367383	8.655462
1230	-4444.163	-5450.729	1006.566	1.36204	7.681376
1236	-4450.652	-5456.213	1005.561	1.375343	8.210296
1242	-4432.491	-5439.008	1006.517	1.361868	7.70778
1248	-4428.614	-5432.992	1004.378	1.21682	8.922778
1254	-4448.981	-5450.076	1001.094	1.139218	10.69409
1260	-4441.594	-5443.809	1002.215	1.245662	10.04924
1266	-4459.618	-5461.874	1002.255	1.205464	10.04924
1272	-4436.167	-5439.039	1002.872	1.218488	9.717962
1278	-4446.463	-5450.154	1003.691	1.253834	9.266598
1284	-4446.891	-5451.943	1005.052	1.347468	8.495975
1290	-4463.845	-5467.106	1003.261	1.279586	9.480407
1296	-4459.638	-5464.238	1004.6	1.324626	8.74815
1302	-4436.453	-5443.234	1006.78	1.329038	7.584249
1308	-4456.003	-5462.706	1006.703	1.415647	7.579321
1314	-4450.627	-5456.546	1005.919	1.443625	7.983084
1320	-4427.397	-5433.537	1006.14	1.390963	7.893424
1326	-4439.007	-5443.903	1004.897	1.360838	8.571489
1332	-4446.463	-5451.414	1004.951	1.287518	8.581418
1338	-4444.868	-5448.912	1004.044	1.321438	9.044218
1344	-4442.708	-5448.684	1005.976	1.358615	7.998393
1350	-4447.562	-5455.459	1007.897	1.439304	6.925242
1356	-4469.802	-5477.49	1007.689	1.45931	7.026808
1362	-4492.953	-5502.799	1009.845	1.538758	5.814201
1368	-4485.071	-5494.366	1009.294	1.538758	6.114839
1374	-4488.332	-5496.679	1008.347	1.512865	6.642646
1380	-4477.313	-5485.715	1008.401	1.458757	6.642646
1386	-4481.217	-5488.234	1007.017	1.458757	7.388055
1392	-4482.848	-5489.716	1006.868	1.447194	7.474089
1398	-4467.651	-5475.171	1007.521	1.355091	7.173273
1404	-4474.267	-5480.592	1006.324	1.323485	7.831199
1410	-4478.842	-5485.093	1006.251	1.39651	7.831199
1416	-4475.929	-5481.08	1005.151	1.396856	8.417156
1422	-4476.808	-5481.775	1004.967	1.369719	8.529552
1428	-4482.373	-5487.202	1004.829	1.388248	8.592697
1434	-4469.385	-5476.49	1007.105	1.398367	7.373399
1440	-4453.015	-5458.094	1005.079	1.321707	8.495386
1446	-4448.31	-5455.554	1007.244	1.400358	7.297613
1452	-4455.304	-5459.698	1004.394	1.377845	8.829155
1458	-4474.653	-5479.059	1004.406	1.365651	8.829155
1464	-4475.238	-5481.005	1005.767	1.42949	8.07197
1470	-4473.664	-5479.483	1005.82	1.376868	8.07197
1476	-4464.755	-5471.359	1006.605	1.439858	7.619104
1482	-4481.252	-5488.426	1007.174	1.452209	7.307305
1488	-4458.514	-5467.151	1008.637	1.524661	6.479511
1494	-4484.829	-5494.458	1009.629	1.551149	5.925694
1500	-4492.755	-5503.768	1011.013	1.651352	5.109256
1506	-4483.882	-5494.459	1010.577	1.627268	5.363433
1512	-4481.72	-5491.603	1009.883	1.586388	5.767217
1518	-4462.806	-5472.147	1009.342	1.544582	6.085727
1524	-4457.827	-5466.822	1008.996	1.544582	6.27407
1530	-4473.531	-5482.524	1008.993	1.593756	6.248865
1536	-4464.856	-5474.379	1009.522	1.574381	5.971004
1542	-4459.475	-5469.311	1009.835	1.599738	5.786159
1548	-4479.137	-5489.442	1010.305	1.613219	5.52142
1554	-4481.499	-5491.428	1009.928	1.593001	5.738899
1560	-4482.423	-5493.575	1011.152	1.593001	5.064492
1566	-4471.109	-5483.261	1012.152	1.685985	4.45374
1572	-4455.849	-5467.928	1012.079	1.759327	4.45374
1578	-4443.409	-5454.362	1010.953	1.682181	5.125562
1584	-4448.62	-5459.176	1010.556	1.599483	5.39038
1590	-4447.328	-5458.425	1011.096	1.679059	5.047736
1596	-4449.873	-5461.387	1011.514	1.685808	4.811502
1602	-4444.992	-5455.982	1010.99	1.685808	5.102936
1608	-4451.411	-5462.068	1010.657	1.685808	5.287335
1614	-4449.65	-5459.667	1010.016	1.529699	5.725335
1620	-4449.597	-5457.838	1008.241	1.48125	6.717215
1626	-4464.085	-5469.997	1005.912	1.454195	7.981554
1632	-4456.143	-5462.957	1006.814	1.41651	7.519484
1638	-4455.018	-5463.108	1008.089	1.41651	6.834065
1644	-4458.312	-5465.445	1007.133	1.463566	7.323174
1650	-4479.628	-5485.853	1006.225	1.332111	7.879561
1656	-4470.304	-5476.367	1006.063	1.378414	7.941349
1662	-4469.816	-5478.508	1008.692	1.450603	6.489904
1668	-4466.433	-5473.777	1007.344	1.40471	7.241635
1674	-4454.215	-5462.212	1007.997	1.514244	6.83117
1680	-4448.079	-5456.365	1008.286	1.453163	6.707798
1686	-4461.44	-5468.597	1007.157	1.453163	7.316121
1692	-4449.561	-5457.708	1008.147	1.453163	6.783132
1698	-4461.157	-5469.304	1008.147	1.453163	6.783132
1704	-4470.872	-5478.507	1007.635	1.435288	7.068767
1710	-4460.29	-5466.566	1006.276	1.398636	7.816761
1716	-4457.584	-5463.092	1005.509	1.398636	8.225962
1722	-4462.451	-5467.095	1004.644	1.318243	8.728227
1728	-4447.815	-5454.038	1006.224	1.383787	7.852687
1734	-4453.613	-5458.958	1005.345	1.344999	8.341539
1740	-4462.902	-5468.183	1005.28	1.344999	8.375906
1746	-4458.35	-5464.724	1006.374	1.368613	7.780265
1752	-4436.878	-5443.503	1006.625	1.330494	7.666835
1758	-4456.698	-5463.132	1006.434	1.336062	7.765723
1764	-4449.853	-5456.243	1006.39	1.384881	7.763439
1770	-4447.959	-5454.59	1006.631	1.42188	7.614733
1776	-4454.697	-5462.677	1007.98	1.445439	6.877504
1782	-4452.115	-5461.095	1008.98	1.554693	6.277192
1788	-4443.336	-5452.137	1008.801	1.507323	6.399769
1794	-4443.833	-5451.605	1007.773	1.507323	6.955802
1800	-4441.677	-5450.352	1008.674	1.552273	6.444354
1806	-4425.67	-5434.884	1009.215	1.52045	6.168039
1812	-4427.534	-5436.161	1008.627	1.489346	6.503853
1818	-4442.333	-5450.207	1007.873	1.536653	6.885664
1824	-4459.143	-5466.956	1007.813	1.479771	6.948762
1830	-4463.234	-5467.602	1004.368	1.354136	8.855529
1836	-4449.494	-5453.461	1003.967	1.303821	9.094569
1842	-4439.349	-5445.865	1006.516	1.348874	7.715253
1848	-4433.922	-5439.437	1005.516	1.393284	8.225137
1854	-4437.442	-5443.677	1006.235	1.316519	7.882594
1860	-4448.506	-5454.72	1006.214	1.337768	7.882594
1866	-4446.97	-5453.274	1006.304	1.337768	7.83424
1872	-4447.565	-5454.391	1006.826	1.381463	7.532036
1878	-4451.571	-5459.055	1007.485	1.443885	7.144965
1884	-4465.971	-5472.433	1006.462	1.381611	7.726679
1890	-4464.68	-5472.808	1008.127	1.451035	6.794979
1896	-4446.557	-5453.904	1007.347	1.420806	7.231143
1902	-4447.051	-5454.691	1007.641	1.384484	7.092894
1908	-4454.527	-5463.351	1008.824	1.474872	6.405182
1914	-4448.609	-5456.742	1008.132	1.474872	6.779311
1920	-4440.148	-5449.367	1009.219	1.476503	6.189537
1926	-4437.887	-5444.727	1006.84	1.473224	7.474898
1932	-4456.373	-5464.013	1007.64	1.415214	7.076675
1938	-4438.588	-5445.122	1006.534	1.405878	7.674778
1944	-4437.763	-5446.506	1008.743	1.471509	6.450751
1950	-4455.133	-5464.65	1009.517	1.471509	6.029851
1956	-4434.904	-5445.167	1010.263	1.626861	5.536524
1962	-4445.596	-5455.785	1010.188	1.675509	5.551144
1968	-4452.771	-5461.519	1008.748	1.500188	6.432306
1974	-4459.757	-5467.439	1007.682	1.45175	7.034391
1980	-4452.503	-5459.288	1006.785	1.406752	7.54047
1986	-4440.991	-5446.973	1005.982	1.381627	7.982812
1992	-4430.951	-5437.047	1006.096	1.267554	7.982812
1998	-4445.788	-5450.893	1005.105	1.383204	8.449137
2004	-4449.82	-5455.572	1005.752	1.398243	8.096796
2010	-4467.731	-5473.743	1006.012	1.362391	7.977063
2016	-4447.324	-5454.462	1007.138	1.360667	7.375671
2022	-4444.823	-5451.89	1007.067	1.43223	7.375671
2028	-4444.188	-5453.315	1009.127	1.558948	6.194863
2034	-4442.473	-5451.77	1009.297	1.494689	6.137192
2040	-4449.49	-5459.427	1009.937	1.541346	5.762327
2046	-4452.026	-5460.236	1008.21	1.412981	6.770819
2052	-4446.814	-5453.512	1006.699	1.403325	7.588192
2058	-4426.92	-5432.21	1005.29	1.427137	8.327235
2064	-4437.137	-5442.528	1005.391	1.32621	8.327235
2070	-4455.158	-5460.749	1005.59	1.359636	8.203192
2076	-4453.173	-5458.794	1005.621	1.329326	8.203192
2082	-4465.616	-5471.054	1005.438	1.378357	8.274403
2088	-4457.72	-5461.928	1004.208	1.255219	8.992425
2094	-4454.401	-5460.725	1006.324	1.335135	7.824991
2100	-4455.919	-5460.221	1004.302	1.329939	8.903444
2106	-4447.771	-5451.896	1004.125	1.259559	9.034452
2112	-4454.062	-5459.118	1005.055	1.319191	8.509295
2118	-4447.059	-5452.104	1005.045	1.329865	8.509295
2124	-4449.18	-5456.37	1007.19	1.384258	7.335317
2130	-4438.817	-5445.57	1006.753	1.395498	7.563147
2136	-4446.329	-5453.489	1007.16	1.456228	7.312462
2142	-4453.612	-5460.831	1007.219	1.403061	7.309293
2148	-4462.804	-5469.009	1006.204	1.376321	7.867072
2154	-4461.789	-5467.983	1006.194	1.386432	7.867072
2160	-4453.336	-5458.865	1005.529	1.34644	8.242851
2166	-4453.167	-5460.262	1007.095	1.396288	7.379808
2172	-4456.236	-5463.238	1007.001	1.386233	7.435389
2178	-4474.258	-5478.897	1004.64	1.394595	8.689984
2184	-4460.922	-5467.143	1006.221	1.391463	7.849921
2190	-4448.164	-5453.412	1005.248	1.359039	8.385816
2196	-4441.107	-5444.58	1003.474	1.283361	9.365978
2202	-4441.601	-5446.188	1004.587	1.362626	8.734834
2208	-4432.664	-5436.982	1004.318	1.360591	8.878259
2214	-4437.344	-5442.375	1005.031	1.288527	8.538355
2220	-4429.035	-5433.984	1004.949	1.370868	8.538119
2226	-4437.006	-5442.112	1005.106	1.309807	8.487222
2232	-4441.904	-5450.56	1008.656	1.611955	6.421751
2238	-4438.107	-5448.182	1010.075	1.614326	5.646828
2244	-4456.001	-5466.23	1010.229	1.745676	5.490193
2250	-4442.591	-5452.306	1009.715	1.619344	5.841003
2256	-4444.612	-5454.327	1009.715	1.619344	5.841003
2262	-4450.377	-5459.622	1009.245	1.626934	6.093767
2268	-4449.464	-5459.182	1009.718	1.604145	5.848098
2274	-4443.32	-5451.084	1007.764	1.476886	6.97669
2280	-4456.398	-5464.141	1007.743	1.476886	6.987874
2286	-4439.62	-5449.559	1009.939	1.61428	5.721504
2292	-4452.382	-5462.025	1009.643	1.524179	5.932353
2298	-4462.741	-5472.371	1009.63	1.635389	5.879019
2304	-4491.449	-5501.105	1009.656	1.609243	5.879019
2310	-4452.388	-5462.091	1009.703	1.562219	5.879019
2316	-4437.548	-5447.746	1010.198	1.570091	5.603659
2322	-4432.113	-5442.449	1010.336	1.570091	5.527838
2328	-4446.245	-5455.967	1009.723	1.518988	5.891922
2334	-4456.605	-5465.622	1009.017	1.518988	6.27651
2340	-4472.039	-5481.116	1009.077	1.459054	6.27651
2346	-4468.743	-5476.142	1007.4	1.477201	7.172723
2352	-4459.502	-5467.319	1007.817	1.477201	6.948281
2358	-4455.008	-5462.345	1007.337	1.441748	7.225361
2364	-4468.531	-5475.855	1007.325	1.454142	7.225361
2370	-4469.324	-5476.572	1007.248	1.530322	7.225361
2376	-4472.334	-5476.893	1004.559	1.306686	8.779241
2382	-4468.566	-5474.319	1005.754	1.343308	8.12489
2388	-4476.433	-5479.122	1002.689	1.27712	9.783193
2394	-4476.741	-5482.516	1005.775	1.27712	8.148776
2400	-4466.745	-5471.871	1005.125	1.276726	8.494612
2406	-4470.218	-5474.979	1004.762	1.291862	8.679652
2412	-4454.949	-5459.987	1005.039	1.301529	8.527468
2418	-4462.417	-5467.437	1005.02	1.320081	8.527468
2424	-4474.032	-5480.304	1006.272	1.334332	7.853076
2430	-4474.129	-5480.395	1006.265	1.341382	7.853076
2436	-4447.561	-5454.028	1006.466	1.46853	7.677729
2442	-4471.068	-5476.938	1005.87	1.346007	8.061641
2448	-4464.779	-5469.951	1005.171	1.342985	8.434937
2454	-4459.339	-5465.016	1005.676	1.337536	8.169189
2460	-4447.667	-5452.214	1004.547	1.337536	8.769498
2466	-4453.488	-5459.594	1006.107	1.305281	7.956964
2472	-4465.1	-5468.887	1003.787	1.252502	9.216709
2478	-4460.569	-5465.738	1005.17	1.352863	8.430652
2484	-4460.124	-5465.701	1005.578	1.352863	8.213666
2490	-4461.164	-5466.043	1004.879	1.364627	8.57901
2496	-4458.55	-5463.543	1004.992	1.379095	8.51086
2502	-4470.227	-5474.959	1004.733	1.256814	8.713748
2508	-4463.767	-5467.469	1003.702	1.29559	9.238986
2514	-4460.025	-5466.005	1005.98	1.393186	7.97786
2520	-4462.789	-5470.435	1007.645	1.500341	7.028006
2526	-4458.608	-5466.306	1007.698	1.456831	7.023154
2532	-4468.677	-5476.338	1007.661	1.493749	7.023154
2538	-4458.944	-5466.643	1007.699	1.442997	7.029997
2544	-4438.956	-5447.164	1008.208	1.455877	6.748931
2550	-4438.232	-5445.04	1006.808	1.407062	7.527716
2556	-4456.728	-5463.536	1006.808	1.407062	7.527716
2562	-4467.996	-5476.157	1008.16	1.411479	6.798486
2568	-4466.039	-5473.205	1007.166	1.411479	7.333425
2574	-4450.092	-5456.895	1006.803	1.413693	7.526727
2580	-4438.085	-5444.885	1006.8	1.4171	7.526727
2586	-4449.944	-5456.197	1006.253	1.459303	7.796503
2592	-4460.297	-5466.798	1006.501	1.406566	7.692096
2598	-4464.472	-5471.004	1006.533	1.406566	7.675337
2604	-4463.711	-5470.567	1006.856	1.475857	7.465399
2610	-4466.324	-5472.486	1006.162	1.403534	7.875022
2616	-4454.392	-5461.931	1007.539	1.425495	7.125674
2622	-4435.699	-5443.442	1007.743	1.450835	7.002096
2628	-4435.67	-5442.443	1006.773	1.401032	7.549939
2634	-4436.614	-5443.818	1007.204	1.381532	7.329239
2640	-4434.913	-5440.919	1006.006	1.476799	7.919126
2646	-4451.419	-5457.481	1006.062	1.38451	7.938364
2652	-4462.051	-5468.782	1006.731	1.40326	7.570785
2658	-4454.795	-5461.39	1006.595	1.40326	7.64386
2664	-4456.432	-5463.042	1006.609	1.388822	7.64386
2670	-4460.771	-5467.557	1006.786	1.429902	7.527329
2676	-4460.305	-5467.117	1006.812	1.403922	7.527329
2682	-4453.379	-5461.323	1007.944	1.458081	6.88992
2688	-4435.536	-5442.604	1007.068	1.491596	7.343184
2694	-4433.062	-5440.158	1007.096	1.462923	7.343184
2700	-4434.85	-5442.007	1007.157	1.402165	7.343184
2706	-4431.97	-5438.971	1007.001	1.435724	7.408873
2712	-4435.959	-5442.633	1006.674	1.372992	7.617597
2718	-4424.34	-5430.6	1006.26	1.372992	7.83888
2724	-4417.258	-5422.877	1005.618	1.417995	8.157319
2730	-4416.976	-5424.22	1007.244	1.39481	7.30036
2736	-4435.7	-5440.833	1005.134	1.330957	8.461488
2742	-4433.207	-5439.056	1005.849	1.310417	8.091447
2748	-4443.522	-5448.92	1005.398	1.362715	8.303787
2754	-4457.579	-5463.048	1005.47	1.291481	8.303787
2760	-4457.922	-5462.1	1004.178	1.225832	9.024067
2766	-4477.164	-5479.224	1002.06	1.255715	10.12573
2772	-4461.414	-5463.287	1001.873	1.168212	10.27015
2778	-4478.333	-5482.538	1004.205	1.33838	8.950254
2784	-4458.946	-5463.197	1004.251	1.29253	8.950254
2790	-4440.916	-5442.184	1001.268	1.259767	10.53974
2796	-4456.482	-5457.793	1001.311	1.21639	10.53974
2802	-4470.642	-5474.504	1003.862	1.267033	9.169466
2808	-4456.963	-5463.157	1006.193	1.37553	7.873191
2814	-4442.031	-5449.058	1007.026	1.37553	7.427559
2820	-4446.087	-5453.338	1007.251	1.3227	7.335502
2826	-4441.544	-5447.833	1006.29	1.402489	7.80734
2832	-4464.416	-5470.114	1005.698	1.352946	8.149442
2838	-4447.154	-5450.952	1003.798	1.376286	9.145687
2844	-4436.777	-5440.565	1003.788	1.319068	9.181084
2850	-4432.72	-5436.516	1003.796	1.311378	9.181084
2856	-4447.806	-5451.945	1004.139	1.35181	8.977859
2862	-4456.737	-5463.835	1007.098	1.375033	7.389509
2868	-4462.305	-5469.102	1006.797	1.437102	7.517663
2874	-4455.436	-5462.385	1006.949	1.437102	7.436163
2880	-4446.218	-5452.808	1006.589	1.413204	7.641476
2886	-4451.612	-5458.924	1007.313	1.474473	7.220924
2892	-4455.227	-5462.704	1007.476	1.500209	7.119067
2898	-4434.273	-5440.733	1006.46	1.421719	7.706256
2904	-4447.893	-5454.525	1006.632	1.372047	7.640872
2910	-4452.675	-5458.679	1006.004	1.332237	7.9976
2916	-4453.459	-5459.454	1005.995	1.341307	7.9976
2922	-4446.573	-5451.387	1004.813	1.37057	8.610566
2928	-4432.506	-5438.539	1006.033	1.418709	7.935648
2934	-4435.259	-5440.381	1005.123	1.312949	8.476779
2940	-4448.561	-5455.701	1007.14	1.464543	7.318735
2946	-4452.372	-5459.915	1007.543	1.464543	7.102677
2952	-4444.85	-5452.834	1007.984	1.528303	6.830584
2958	-4436.303	-5444.291	1007.988	1.528303	6.828481
2964	-4431.78	-5440.341	1008.562	1.585986	6.48711
2970	-4449.125	-5456.515	1007.39	1.561419	7.13271
2976	-4444.641	-5454.879	1010.237	1.590906	5.570542
2982	-4446.395	-5455.521	1009.126	1.615558	6.164692
2988	-4436.147	-5445.641	1009.494	1.605119	5.969776
2994	-4436.533	-5445.422	1008.889	1.594177	6.305278
3000	-4447.804	-5455.317	1007.514	1.448904	7.126482
3006	-4439.474	-5446.537	1007.063	1.42666	7.380575
3012	-4431.7	-5438.406	1006.706	1.445989	7.561402
3018	-4444.129	-5453.768	1009.639	1.572818	5.90836
3024	-4465.762	-5474.525	1008.763	1.522978	6.412076
3030	-4453.024	-5460.028	1007.003	1.433586	7.40878
3036	-4454.854	-5463.311	1008.457	1.527916	6.575278
3042	-4456.377	-5464.229	1007.852	1.500572	6.916534
3048	-4440.085	-5448.939	1008.854	1.393249	6.433146
3054	-4442.273	-5446.579	1004.306	1.258744	8.938606
3060	-4436.811	-5441.532	1004.721	1.296939	8.698345
3066	-4433.488	-5437.383	1003.895	1.338557	9.114283
3072	-4441.59	-5445.56	1003.97	1.263173	9.114283
3078	-4460.077	-5463.802	1003.725	1.263173	9.243884
3084	-4454.276	-5458.305	1004.029	1.263206	9.082909
3090	-4474.765	-5481.494	1006.729	1.313058	7.620088
3096	-4450.072	-5456.918	1006.846	1.436037	7.491965
3102	-4456.229	-5462.924	1006.695	1.406546	7.588709
3108	-4445.873	-5450.945	1005.073	1.32266	8.498266
3114	-4437.955	-5442.499	1004.544	1.278272	8.802109
3120	-4462.662	-5467.776	1005.114	1.38596	8.442405
3126	-4466.635	-5471.3	1004.665	1.318023	8.717136
3132	-4445.333	-5451.172	1005.839	1.400604	8.048691
3138	-4457.161	-5463.003	1005.842	1.408182	8.043519
3144	-4446.953	-5453.751	1006.798	1.404863	7.534336
3150	-4434.189	-5440.579	1006.39	1.406912	7.751391
3156	-4446.663	-5454.73	1008.067	1.452771	6.826573
3162	-4425.03	-5431.626	1006.596	1.41471	7.637186
3168	-4438.766	-5446.556	1007.79	1.376769	7.016617
3174	-4442.841	-5450.579	1007.738	1.429232	7.016617
3180	-4449.981	-5456.296	1006.314	1.422278	7.783596
3186	-4457.785	-5464.388	1006.602	1.372653	7.656217
3192	-4464.961	-5470.229	1005.268	1.389962	8.358508
3198	-4456.343	-5460.94	1004.597	1.304096	8.760604
3204	-4448.452	-5451.886	1003.434	1.207834	9.426895
3210	-4436.953	-5440.785	1003.833	1.207834	9.216086
3216	-4440.111	-5441.643	1001.531	1.210334	10.4273
3222	-4458.84	-5460.37	1001.53	1.223258	10.42121
3228	-4439.917	-5443.662	1003.745	1.285356	9.221377
3234	-4431.549	-5438.368	1006.819	1.315761	7.570728
3240	-4428.043	-5433.442	1005.399	1.315761	8.328435
3246	-4439.478	-5445.83	1006.353	1.383843	7.783801
3252	-4439.384	-5446.679	1007.295	1.415934	7.262052
3258	-4441.6	-5449.509	1007.909	1.475199	6.899662
3264	-4430.46	-5438.551	1008.091	1.416013	6.833407
3270	-4432.842	-5440.744	1007.902	1.427361	6.929082
3276	-4437.197	-5445.018	1007.821	1.508145	6.929082
3282	-4437.49	-5445.077	1007.587	1.422207	7.101511
3288	-4441.282	-5448.795	1007.513	1.496063	7.101511
3294	-4444.256	-5451.694	1007.438	1.446674	7.16829
3300	-4449.587	-5457.025	1007.438	1.446674	7.16829
3306	-4442.15	-5450.13	1007.981	1.446674	6.876297
3312	-4437.757	-5445.285	1007.528	1.441759	7.122843
3318	-4444.064	-5450.919	1006.855	1.434926	7.487614
3324	-4424.426	-5431.315	1006.888	1.401488	7.487614
3330	-4416.153	-5422.694	1006.541	1.450818	7.647234
3336	-4410.293	-5417.003	1006.71	1.450818	7.556779
3342	-4420.578	-5427.53	1006.951	1.44285	7.431756
3348	-4431.676	-5438.244	1006.568	1.414273	7.652299
3354	-4437.391	-5444.053	1006.663	1.414273	7.601715
3360	-4449.274	-5455.892	1006.617	1.459599	7.601715
3366	-4454.071	-5460.626	1006.556	1.418226	7.656895
3372	-4449.185	-5455.555	1006.369	1.494012	7.716034
3378	-4464.225	-5471.739	1007.514	1.512839	7.091845
3384	-4445.051	-5452.955	1007.904	1.512839	6.88216
3390	-4435.86	-5442.671	1006.811	1.470141	7.492458
3396	-4453.712	-5460.522	1006.811	1.470141	7.492458
3402	-4441.992	-5449.749	1007.757	1.441549	6.999365
3408	-4440.832	-5447.242	1006.41	1.441549	7.722412
3414	-4436.006	-5442.34	1006.334	1.361255	7.805957
3420	-4446.468	-5452.92	1006.452	1.449809	7.695213
3426	-4422.939	-5428.873	1005.934	1.415399	7.990421
3432	-4424.191	-5430.575	1006.383	1.364449	7.777707
3438	-4431.9	-5439.515	1007.615	1.507553	7.040658
3444	-4449.294	-5458.75	1009.456	1.507553	6.043775
3450	-4448.961	-5456.833	1007.873	1.433279	6.941856
3456	-4437.666	-5444.359	1006.693	1.363111	7.612934
3462	-4447.541	-5453.22	1005.679	1.343167	8.164745
3468	-4445.496	-5452.674	1007.178	1.35137	7.359216
3474	-4436.268	-5440.707	1004.439	1.264595	8.865264
3480	-4425.396	-5429.905	1004.509	1.238608	8.842074
3486	-4419.822	-5423.599	1003.777	1.288979	9.202581
3492	-4437.083	-5442.073	1004.99	1.300439	8.554086
3498	-4439.174	-5441.616	1002.442	1.233446	9.936471
3504	-4442.365	-5446.527	1004.163	1.264453	9.011634
3510	-4443.931	-5447.638	1003.707	1.271549	9.248833
3516	-4441.476	-5445.479	1004.003	1.39265	9.028381
3522	-4455.603	-5459.295	1003.692	1.354779	9.212986
3528	-4455.673	-5461.338	1005.664	1.324069	8.182807
3534	-4444.392	-5449.459	1005.067	1.416901	8.451179
3540	-4439.583	-5447.038	1007.455	1.457859	7.153326
3546	-4437.46	-5444.293	1006.833	1.376738	7.530588
3552	-4422.124	-5428.223	1006.099	1.393788	7.913704
3558	-4431.739	-5439.557	1007.818	1.459962	6.95703
3564	-4453.838	-5462.56	1008.721	1.515736	6.438693
3570	-4448.502	-5457.921	1009.419	1.525797	6.05391
3576	-4454.549	-5463.632	1009.083	1.490699	6.25591
3582	-4450.928	-5458.813	1007.884	1.524764	6.886226
3588	-4455.568	-5464.871	1009.302	1.605688	6.073904
3594	-4459.195	-5469.225	1010.03	1.56797	5.696849
3600	-4450.908	-5459.528	1008.619	1.583422	6.457176
3606	-4465.276	-5473.552	1008.276	1.498637	6.68904
3612	-4423.107	-5431.383	1008.276	1.498637	6.68904
3618	-4427.707	-5435.447	1007.74	1.403526	7.029195
3624	-4433.6	-5443.178	1009.579	1.507815	5.976739
3630	-4439.169	-5447.564	1008.395	1.534863	6.605196
3636	-4437.814	-5445.332	1007.518	1.447704	7.124956
3642	-4453.427	-5461.261	1007.834	1.473014	6.941331
3648	-4449.9	-5457.818	1007.918	1.437867	6.914863
3654	-4454.686	-5461.529	1006.843	1.399862	7.512788
3660	-4443.117	-5450.028	1006.911	1.445024	7.45229
3666	-4448.819	-5456.166	1007.348	1.395697	7.244444
3672	-4442.989	-5449.775	1006.786	1.395697	7.545616
3678	-4450.418	-5456.716	1006.298	1.391405	7.809041
3684	-4451.601	-5457.926	1006.325	1.364313	7.809041
3690	-4460.709	-5468.995	1008.286	1.424259	6.723881
3696	-4459.361	-5466.208	1006.846	1.473725	7.471483
3702	-4459.928	-5467.495	1007.566	1.42111	7.113211
3708	-4441.013	-5446.566	1005.553	1.359971	8.222838
3714	-4427.427	-5432.733	1005.306	1.304583	8.383755
3720	-4426.564	-5431.205	1004.642	1.304583	8.736678
3726	-4419.399	-5423.656	1004.256	1.305903	8.940197
3732	-4441.522	-5449.752	1008.23	1.457759	6.735891
3738	-4421.042	-5426.266	1005.224	1.402496	8.375159
3744	-4440.255	-5446.156	1005.901	1.402496	8.014857
3750	-4449.639	-5456.988	1007.349	1.475554	7.200984
3756	-4452.737	-5458.084	1005.347	1.409165	8.306597
3762	-4444.496	-5451.611	1007.115	1.445574	7.342395
3768	-4459.803	-5466.734	1006.931	1.407385	7.461721
3774	-4459.084	-5464.052	1004.968	1.371065	8.528193
3780	-4455.489	-5461.452	1005.963	1.386198	7.99065
3786	-4461.3	-5467.26	1005.961	1.388325	7.99065
3792	-4453.041	-5458.466	1005.425	1.393423	8.273295
3798	-4433.092	-5440.099	1007.008	1.408361	7.42004
3804	-4429.51	-5436.711	1007.201	1.435136	7.30211
3810	-4430.264	-5438.348	1008.084	1.435778	6.826688
3816	-4407.328	-5412.92	1005.592	1.440617	8.159216
3822	-4430.353	-5437.134	1006.781	1.428668	7.530605
3828	-4450.443	-5457.935	1007.492	1.433754	7.1465
3834	-4459.391	-5465.842	1006.451	1.433754	7.704637
3840	-4450.425	-5456.969	1006.544	1.340527	7.704637
3846	-4443.846	-5450.303	1006.457	1.423992	7.706731
3852	-4441.618	-5447.822	1006.204	1.397132	7.855855
3858	-4438.776	-5445.133	1006.357	1.398989	7.773505
3864	-4443.965	-5449.905	1005.94	1.408303	7.990802
3870	-4453.127	-5459.006	1005.879	1.469218	7.990802
3876	-4450.698	-5458.804	1008.106	1.576947	6.738566
3882	-4435.022	-5443.236	1008.214	1.573951	6.681526
3888	-4447.739	-5455.959	1008.22	1.568395	6.681526
3894	-4451.051	-5458.565	1007.515	1.49301	7.102355
3900	-4455.349	-5461.148	1005.799	1.385591	8.07821
3906	-4436.77	-5442.567	1005.797	1.387973	8.07821
3912	-4438.314	-5444.634	1006.32	1.363259	7.812264
3918	-4442.647	-5449.572	1006.925	1.438381	7.448425
3924	-4443.165	-5450.567	1007.402	1.49448	7.162153
3930	-4434.122	-5440.886	1006.764	1.375266	7.568178
3936	-4441.021	-5447.737	1006.716	1.380463	7.591401
3942	-4436.287	-5443.003	1006.716	1.380463	7.591401
3948	-4438.087	-5445.032	1006.946	1.39041	7.462973
3954	-4427.363	-5433.784	1006.421	1.418019	7.728915
3960	-4428.648	-5435.074	1006.426	1.413006	7.728915
3966	-4446.858	-5453.297	1006.438	1.400737	7.728915
3972	-4446.207	-5448.877	1002.67	1.339435	9.76063
3978	-4441.624	-5445.392	1003.768	1.256704	9.224314
3984	-4429.718	-5434.233	1004.515	1.256704	8.829235
3990	-4428.281	-5432.101	1003.82	1.255677	9.197713
3996	-4436.106	-5439.765	1003.66	1.300712	9.258627
4002	-4435.505	-5440.479	1004.974	1.267185	8.580136
4008	-4447.797	-5452.419	1004.622	1.325464	8.736054
4014	-4431.723	-5435.154	1003.431	1.282199	9.389175
4020	-4445.402	-5449.575	1004.173	1.275156	9.000563
4026	-4448.001	-5450.462	1002.462	1.247966	9.918425
4032	-4446.144	-5449.454	1003.311	1.253012	9.467993
4038	-4465.722	-5470.906	1005.184	1.327266	8.436519
4044	-4455.948	-5461.215	1005.267	1.370736	8.369172
4050	-4461.713	-5466.777	1005.064	1.357507	8.484361
4056	-4454.048	-5459.79	1005.742	1.444026	8.0776
4062	-4449.376	-5457.475	1008.098	1.442842	6.814934
4068	-4448.209	-5456.269	1008.059	1.481827	6.814934
4074	-4448.186	-5456.522	1008.336	1.518091	6.645799
4080	-4437.751	-5444.098	1006.347	1.410205	7.772814
4086	-4443.965	-5451.301	1007.336	1.410205	7.242689
4092	-4468.898	-5475.299	1006.401	1.395382	7.751486
4098	-4428.038	-5434.427	1006.389	1.408118	7.751486
4104	-4442.799	-5449.194	1006.394	1.446264	7.728187
4110	-4458.37	-5465.548	1007.177	1.446264	7.308765
4116	-4457.672	-5463.381	1005.709	1.400612	8.11839
4122	-4455.945	-5461.72	1005.775	1.334631	8.11839
4128	-4449.966	-5454.852	1004.886	1.35566	8.579623
4134	-4452.369	-5452.564	1000.195	1.188844	11.13918
4140	-4451.873	-5453.387	1001.514	1.185453	10.44939
4146	-4457.341	-5458.806	1001.465	1.234569	10.44939
4152	-4446.424	-5449.318	1002.894	1.257072	9.685552
4158	-4448.082	-5451.039	1002.957	1.326021	9.616392
4164	-4432.891	-5435.931	1003.039	1.243157	9.616392
4170	-4432.813	-5436.935	1004.122	1.189353	9.072775
4176	-4443.004	-5447.843	1004.839	1.251061	8.66014
4182	-4453.55	-5455.406	1001.856	1.243417	10.23931
4188	-4441.98	-5446.025	1004.045	1.22386	9.095459
4194	-4440.729	-5444.259	1003.529	1.255358	9.351393
4200	-4451.359	-5454.492	1003.133	1.245739	9.565732
4206	-4439.856	-5442.989	1003.133	1.245739	9.565732
4212	-4445.965	-5447.532	1001.567	1.344088	10.33851
4218	-4443.65	-5447.993	1004.344	1.316426	8.888304
4224	-4441.756	-5447.55	1005.794	1.372185	8.087913
4230	-4444.354	-5451.246	1006.892	1.474826	7.446417
4236	-4450.666	-5456.94	1006.274	1.429611	7.801524
4242	-4452.886	-5458.978	1006.092	1.429611	7.898413
4248	-4443.098	-5447.769	1004.67	1.365607	8.689018
4254	-4459.867	-5464.555	1004.688	1.364953	8.679974
4260	-4469.055	-5473.724	1004.669	1.384413	8.679974
4266	-4463.465	-5467.633	1004.168	1.344268	8.966597
4272	-4454.353	-5459.498	1005.144	1.382789	8.428191
4278	-4467.838	-5473.202	1005.364	1.382789	8.31116
4284	-4475.431	-5479.777	1004.347	1.352796	8.867487
4290	-4486.302	-5491.64	1005.338	1.352796	8.340993
4296	-4481.531	-5486.912	1005.381	1.405404	8.290359
4302	-4481.027	-5484.072	1003.045	1.276051	9.59631
4308	-4467.534	-5470.616	1003.083	1.238168	9.59631
4314	-4467.645	-5470.526	1002.882	1.309545	9.664672
4320	-4473.589	-5478.742	1005.153	1.279557	8.478286
4326	-4474.735	-5479.34	1004.605	1.348628	8.732941
4332	-4467.547	-5472.983	1005.436	1.411026	8.258162
4338	-4473.775	-5479.265	1005.49	1.356637	8.258162
4344	-4472.227	-5475.792	1003.565	1.340948	9.287481
4350	-4483.361	-5486.913	1003.552	1.282452	9.325088
4356	-4473.299	-5478.407	1005.108	1.331708	8.474568
4362	-4471.721	-5479.824	1008.103	1.444649	6.811514
4368	-4458.354	-5464.022	1005.668	1.376732	8.152716
4374	-4469.162	-5472.746	1003.584	1.388585	9.252201
4380	-4467.425	-5470.984	1003.558	1.339452	9.291565
4386	-4457.756	-5462.756	1005	1.286386	8.556024
4392	-4448.395	-5453.081	1004.687	1.370743	8.677672
4398	-4452.879	-5459.436	1006.557	1.329862	7.7035
4404	-4447.88	-5454.366	1006.486	1.345631	7.732932
4410	-4449.175	-5455.559	1006.384	1.447477	7.732932
4416	-4460.919	-5467.488	1006.569	1.37481	7.673032
4422	-4457.256	-5463.149	1005.893	1.387134	8.027222
4428	-4458.343	-5464.761	1006.417	1.394868	7.743275
4434	-4456.228	-5464.889	1008.661	1.46436	6.49889
4440	-4442.998	-5450.565	1007.568	1.464229	7.089379
4446	-4434.899	-5443.51	1008.611	1.464229	6.526288
4452	-4442.94	-5451.862	1008.922	1.58858	6.290265
4458	-4449.621	-5457.158	1007.538	1.478255	7.097879
4464	-4445.126	-5453.971	1008.845	1.442026	6.41172
4470	-4438.767	-5447.011	1008.244	1.555182	6.675377
4476	-4445.35	-5452.76	1007.41	1.458849	7.176753
4482	-4438.941	-5446.072	1007.131	1.475588	7.318061
4488	-4454.477	-5460.986	1006.509	1.459599	7.659735
4494	-4462.931	-5470.569	1007.638	1.459599	7.054209
4500	-4463.617	-5471.975	1008.359	1.50768	6.639334
4506	-4473.601	-5483.396	1009.795	1.626618	5.793659
4512	-4451.29	-5460.713	1009.423	1.591018	6.015998
4518	-4464.703	-5473.836	1009.133	1.591922	6.173682
4524	-4472.479	-5482.112	1009.633	1.558592	5.919298
4530	-4464.161	-5473.261	1009.1	1.566937	6.205035
4536	-4465.235	-5471.308	1006.072	1.393373	7.928359
4542	-4467.034	-5473.006	1005.971	1.355533	8.002406
4548	-4457.452	-5461.929	1004.477	1.347412	8.801275
4554	-4462.528	-5468.147	1005.619	1.354168	8.190942
4560	-4475.175	-5480.442	1005.267	1.440316	8.332369
4566	-4450.606	-5456.576	1005.97	1.418623	7.969431
4572	-4464.155	-5472.285	1008.13	1.45619	6.790689
4578	-4455.777	-5462.426	1006.649	1.450106	7.589893
4584	-4465.3	-5471.852	1006.552	1.450106	7.64176
4590	-4479.547	-5487.904	1008.357	1.457448	6.667399
4596	-4470.548	-5480.277	1009.729	1.645102	5.819473
4602	-4464.51	-5474.313	1009.803	1.678548	5.760692
4608	-4454.879	-5465.184	1010.304	1.68104	5.484363
4614	-4464.477	-5472.897	1008.42	1.610063	6.550871
4620	-4448.805	-5458.149	1009.344	1.610063	6.048944
4626	-4455.909	-5464.263	1008.354	1.5438	6.622302
4632	-4455.728	-5463.135	1007.407	1.508762	7.151731
4638	-4455.664	-5464.348	1008.684	1.434023	6.502882
4644	-4439.29	-5446.303	1007.014	1.434023	7.403147
4650	-4440.195	-5446.919	1006.724	1.444787	7.552533
4656	-4430.647	-5436.997	1006.351	1.430051	7.759977
4662	-4428.341	-5435.719	1007.377	1.507186	7.168597
4668	-4446.312	-5452.716	1006.404	1.440073	7.72639
4674	-4431.533	-5438.86	1007.327	1.415436	7.24516
4680	-4442.764	-5447.239	1004.475	1.360485	8.795165
4686	-4439.075	-5443.283	1004.208	1.354239	8.940357
4692	-4438.103	-5442.758	1004.655	1.329634	8.716255
4698	-4446.174	-5452.071	1005.897	1.357142	8.040998
4704	-4439.349	-5444.868	1005.519	1.329252	8.257551
4710	-4437.969	-5444.518	1006.549	1.436609	7.650372
4716	-4447.61	-5455.057	1007.447	1.440504	7.16674
4722	-4431.767	-5436.617	1004.851	1.373872	8.588982
4728	-4425.747	-5429.08	1003.333	1.215223	9.476268
4734	-4425.678	-5428.978	1003.3	1.248342	9.476268
4740	-4426.632	-5428.839	1002.207	1.279063	10.03597
4746	-4428.909	-5433.909	1005.001	1.357614	8.517827
4752	-4441.789	-5446.974	1005.185	1.397646	8.398716
4758	-4432.411	-5439.991	1007.58	1.485032	7.071485
4764	-4444.959	-5453.565	1008.606	1.511373	6.50352
4770	-4433.573	-5441.146	1007.573	1.501546	7.066529
4776	-4426.374	-5433.25	1006.877	1.453156	7.46616
4782	-4431.748	-5439.136	1007.388	1.525995	7.152861
4788	-4424.595	-5432.058	1007.463	1.450886	7.152861
4794	-4430.084	-5437.232	1007.149	1.473191	7.309653
4800	-4434.217	-5442.582	1008.365	1.504682	6.637629
4806	-4421.341	-5430.418	1009.077	1.504682	6.251703
4812	-4432.224	-5441.477	1009.253	1.524896	6.144595
4818	-4446.769	-5456.361	1009.592	1.529881	5.957136
4824	-4439.121	-5447.886	1008.765	1.51848	6.413537
4830	-4437.444	-5446.991	1009.547	1.51848	5.98787
4836	-4452.898	-5462.814	1009.916	1.600662	5.741743
4842	-4464.096	-5474.854	1010.757	1.623367	5.266299
4848	-4437.655	-5448.932	1011.277	1.604987	4.988396
4854	-4441.596	-5451.61	1010.014	1.604987	5.685491
4860	-4446.521	-5456.431	1009.909	1.61407	5.737808
4866	-4442.859	-5453.083	1010.224	1.61407	5.565414
4872	-4457.914	-5468.476	1010.562	1.608897	5.382157
4878	-4479.848	-5490.591	1010.743	1.661563	5.253111
4884	-4470.422	-5481.753	1011.331	1.6826	4.915444
4890	-4468.638	-5479.483	1010.845	1.671496	5.19121
4896	-4462.671	-5472.593	1009.922	1.646923	5.713094
4902	-4464.258	-5474.169	1009.911	1.646923	5.718682
4908	-4454.857	-5464.383	1009.526	1.561937	5.975982
4914	-4447.011	-5456.279	1009.267	1.561937	6.11689
4920	-4446.831	-5455.112	1008.281	1.494643	6.68822
4926	-4453.79	-5462.291	1008.501	1.458244	6.588986
4932	-4455.757	-5461.329	1005.572	1.434252	8.173234
4938	-4438.333	-5445.742	1007.409	1.431863	7.191983
4944	-4445.953	-5452.666	1006.713	1.431863	7.565223
4950	-4466.524	-5471.925	1005.4	1.428342	8.267796
4956	-4454.085	-5460.662	1006.578	1.387353	7.661459
4962	-4467.803	-5474.441	1006.638	1.327091	7.661459
4968	-4469.526	-5474.988	1005.462	1.341183	8.281287
4974	-4464.993	-5470.395	1005.402	1.401494	8.281287
4980	-4465.685	-5471.134	1005.449	1.406261	8.253703
4986	-4462.414	-5467.975	1005.56	1.294766	8.253703
4992	-4470.945	-5474.77	1003.825	1.293823	9.175042
4998	-4475.723	-5479.663	1003.94	1.317952	9.101283
5004	-4466.239	-5469.917	1003.678	1.210726	9.296551
5010	-4463.592	-5466.13	1002.538	1.172621	9.917679
5016	-4467.842	-5470.181	1002.34	1.196649	10.00952
5022	-4460.524	-5464.369	1003.845	1.202839	9.212524
5028	-4475.685	-5479.541	1003.856	1.295579	9.157675
5034	-4484.932	-5489.446	1004.514	1.463149	8.720227
5040	-4471.097	-5475.287	1004.19	1.380745	8.935534
5046	-4475.097	-5479.977	1004.881	1.325878	8.598553
5052	-4464.905	-5469.803	1004.898	1.342575	8.580416
5058	-4470.01	-5474.292	1004.282	1.33832	8.909288
5064	-4441.837	-5446.191	1004.353	1.267049	8.909288
5070	-4438.433	-5439.66	1001.228	1.211939	10.58596
5076	-4441.387	-5445.858	1004.471	1.323786	8.817055
5082	-4451.343	-5453.801	1002.458	1.216325	9.936919
5088	-4449.358	-5452.498	1003.14	1.242349	9.563764
5094	-4466.589	-5469.351	1002.762	1.262622	9.75222
5100	-4474.953	-5476.753	1001.8	1.272719	10.25354
5106	-4453.858	-5457.087	1003.229	1.295875	9.488621
5112	-4452.402	-5455.493	1003.091	1.433792	9.488621
5118	-4441.528	-5443.409	1001.882	1.303621	10.19426
5124	-4446.875	-5448.915	1002.04	1.310644	10.10711
5130	-4460.837	-5467.081	1006.243	1.395704	7.835874
5136	-4464.056	-5471.013	1006.957	1.449565	7.424877
5142	-4455.275	-5462.189	1006.914	1.462525	7.441271
5148	-4480.665	-5485.16	1004.495	1.423623	8.75108
5154	-4479.538	-5486.484	1006.947	1.423623	7.44465
5160	-4472.296	-5478.895	1006.599	1.423623	7.630936
5166	-4471.847	-5477.427	1005.579	1.400303	8.187498
5172	-4462.319	-5467.707	1005.388	1.402333	8.28807
5178	-4474.556	-5480.436	1005.88	1.393737	8.030642
5184	-4469.225	-5475.079	1005.854	1.420331	8.030642
5190	-4459.247	-5464.777	1005.53	1.380503	8.224192
5196	-4465.317	-5470.824	1005.507	1.403785	8.224192
5202	-4461.654	-5466.44	1004.786	1.419456	8.599175
5208	-4446.3	-5451.117	1004.816	1.388808	8.599175
5214	-4451.817	-5458.32	1006.503	1.507604	7.636947
5220	-4445.812	-5452.747	1006.935	1.431052	7.446914
5226	-4442.241	-5448.765	1006.524	1.433746	7.665707
5232	-4459.947	-5466.463	1006.516	1.441134	7.665707
5238	-4471.098	-5478.085	1006.987	1.492745	7.385696
5244	-4480.869	-5488.368	1007.499	1.514541	7.099278
5250	-4457.637	-5463.872	1006.235	1.433289	7.820362
5256	-4449.624	-5455.504	1005.88	1.426571	8.012982
5262	-4453.606	-5459.512	1005.906	1.426571	7.999337
5268	-4446.828	-5452.779	1005.952	1.399482	7.98953
5274	-4454.75	-5461.925	1007.175	1.421453	7.323148
5280	-4459.813	-5467.241	1007.428	1.440839	7.176781
5286	-4456.43	-5463.822	1007.392	1.527506	7.149792
5292	-4460.439	-5468.227	1007.788	1.527506	6.936664
5298	-4468.865	-5476.552	1007.687	1.594814	6.954935
5304	-4465.401	-5473.465	1008.064	1.503844	6.800651
5310	-4467.605	-5475.332	1007.726	1.45611	7.008306
5316	-4481.941	-5486.585	1004.644	1.435513	8.665981
5322	-4459.652	-5464.411	1004.759	1.320083	8.665981
5328	-4460.704	-5465.037	1004.334	1.402234	8.848141
5334	-4474.839	-5480.153	1005.314	1.398587	8.329691
5340	-4461.993	-5468.708	1006.715	1.418	7.571642
5346	-4462.742	-5469.177	1006.435	1.417126	7.721976
5352	-4461.132	-5466.5	1005.369	1.40739	8.295876
5358	-4465.83	-5471.936	1006.106	1.408761	7.902059
5364	-4469.502	-5476.217	1006.715	1.432868	7.563662
5370	-4470.34	-5475.552	1005.211	1.417859	8.374017
5376	-4472.782	-5477.489	1004.707	1.410179	8.645988
5382	-4490.409	-5495.13	1004.721	1.395867	8.645988
5388	-4492.161	-5497.206	1005.045	1.395867	8.474071
5394	-4484.22	-5488.56	1004.34	1.309632	8.894051
5400	-4479.179	-5483.784	1004.605	1.376961	8.717535
5406	-4468.465	-5473.173	1004.708	1.328067	8.689003
5412	-4484.241	-5487.728	1003.487	1.306821	9.346364
5418	-4470.426	-5477.248	1006.822	1.419478	7.513777
5424	-4470.489	-5478.123	1007.634	1.477216	7.04681
5430	-4462.137	-5469.758	1007.621	1.444206	7.071521
5436	-4464.036	-5471.353	1007.317	1.389608	7.264108
5442	-4447.92	-5453.907	1005.987	1.3772	7.98259
5448	-4453.71	-5458.365	1004.655	1.405014	8.676063
5454	-4444.774	-5450.669	1005.895	1.382682	8.028619
5460	-4433.852	-5440.181	1006.328	1.414319	7.780433
5466	-4438.879	-5443.975	1005.096	1.35982	8.466181
5472	-4458.246	-5462.781	1004.535	1.421465	8.731401
5478	-4428.073	-5433.194	1005.121	1.421465	8.420062
5484	-4437.067	-5443.023	1005.956	1.394806	7.989724
5490	-4439.501	-5442.719	1003.218	1.223737	9.532358
5496	-4475.032	-5479.295	1004.263	1.4098	8.881456
5502	-4469.77	-5476.153	1006.383	1.440544	7.737223
5508	-4453.391	-5459.948	1006.557	1.440544	7.644122
5514	-4454.096	-5460.151	1006.055	1.459526	7.90226
5520	-4469.382	-5476.648	1007.267	1.438222	7.264968
5526	-4467.045	-5474.29	1007.245	1.459825	7.264968
5532	-4475.743	-5480.915	1005.172	1.42162	8.39273
5538	-4473.84	-5480.171	1006.331	1.442985	7.763897
5544	-4466.1	-5471.188	1005.088	1.399557	8.449386
5550	-4484.035	-5489.114	1005.079	1.399557	8.454064
5556	-4453.852	-5458.345	1004.494	1.358159	8.786762
5562	-4452.959	-5457.848	1004.89	1.353226	8.579269
5568	-4464	-5468.701	1004.701	1.395627	8.656823
5574	-4490.578	-5497.408	1006.829	1.496014	7.468674
5580	-4470.887	-5476.659	1005.772	1.500969	8.0311
5586	-4462.007	-5469.708	1007.702	1.516381	6.989062
5592	-4462.47	-5469.937	1007.467	1.538209	7.103447
5598	-4456.379	-5464.014	1007.634	1.479852	7.045042
5604	-4459.567	-5467.324	1007.757	1.566764	6.932187
5610	-4443.13	-5452.225	1009.095	1.596708	6.191704
5616	-4451.272	-5459.582	1008.31	1.513482	6.662444
5622	-4454.136	-5463.383	1009.247	1.587741	6.113834
5628	-4444.789	-5454.466	1009.677	1.642588	5.849477
5634	-4432.824	-5443.692	1010.868	1.70148	5.162022
5640	-4447.397	-5457.322	1009.925	1.645058	5.712155
5646	-4469.811	-5479.43	1009.619	1.597678	5.905529
5652	-4475.527	-5483.806	1008.28	1.510879	6.68029
5658	-4472.229	-5480.871	1008.641	1.549338	6.463732
5664	-4462.992	-5472.732	1009.74	1.606047	5.834908
5670	-4474.174	-5482.728	1008.553	1.499213	6.538547
5676	-4479.133	-5486.68	1007.547	1.467828	7.098407
5682	-4466.239	-5473.409	1007.17	1.523955	7.270675
5688	-4465.466	-5473.954	1008.488	1.523955	6.560297
5694	-4450.217	-5458.839	1008.621	1.588118	6.4536
5700	-4447.215	-5456.656	1009.441	1.59709	6.003017
5706	-4466.299	-5474.978	1008.679	1.547182	6.444745
5712	-4450.531	-5459.573	1009.043	1.547182	6.246997
5718	-4446.816	-5455.859	1009.043	1.547182	6.246997
5724	-4448.889	-5459.683	1010.794	1.682563	5.213083
5730	-4439.639	-5450.07	1010.432	1.598176	5.459821
5736	-4448.772	-5458.669	1009.898	1.598176	5.752802
5742	-4474.338	-5483.022	1008.684	1.608972	6.408331
5748	-4478.21	-5489.34	1011.131	1.676679	5.030012
5754	-4477.575	-5488.656	1011.082	1.756345	5.012974
5760	-4486.597	-5497.998	1011.401	1.756345	4.83507
5766	-4451.094	-5461.755	1010.661	1.756345	5.245971
5772	-4440.499	-5450.026	1009.528	1.635769	5.934672
5778	-4452.786	-5462.448	1009.662	1.635769	5.861169
5784	-4461.021	-5470.288	1009.267	1.600698	6.095982
5790	-4470.509	-5478.181	1007.672	1.503886	7.011702
5796	-4488.016	-5494.117	1006.101	1.430216	7.893494
5802	-4454.635	-5459.261	1004.626	1.400027	8.694174
5808	-4453	-5458.559	1005.559	1.400027	8.198169
5814	-4443.692	-5449.379	1005.687	1.342539	8.1608
5820	-4450.938	-5455.685	1004.747	1.352643	8.655451
5826	-4454.521	-5458.799	1004.278	1.352643	8.903862
5832	-4460.149	-5466.581	1006.432	1.378826	7.743846
5838	-4453.659	-5460.039	1006.379	1.431804	7.743846
5844	-4476.38	-5481.324	1004.944	1.306906	8.575007
5850	-4466.882	-5471.77	1004.887	1.363669	8.575007
5856	-4471.785	-5476.709	1004.924	1.363669	8.555207
5862	-4469.79	-5474.691	1004.902	1.363669	8.567312
5868	-4484.129	-5488.143	1004.014	1.324025	9.058893
5874	-4477.565	-5484.937	1007.371	1.4491	7.20305
5880	-4486.025	-5492.455	1006.43	1.417947	7.724031
5886	-4475.156	-5481.307	1006.152	1.376756	7.89484
5892	-4478.096	-5481.567	1003.471	1.320281	9.34778
5898	-4484.422	-5491.267	1006.846	1.499858	7.457829
5904	-4479.22	-5487.068	1007.848	1.49572	6.921556
5910	-4467.915	-5475.821	1007.906	1.508212	6.883386
5916	-4481.48	-5489.135	1007.655	1.514318	7.015399
5922	-4489.856	-5496.393	1006.536	1.375827	7.689964
5928	-4476.476	-5483.57	1007.094	1.459233	7.346267
5934	-4465.239	-5471.581	1006.342	1.542203	7.704812
5940	-4466.216	-5474.972	1008.756	1.520412	6.41719
5946	-4471.087	-5478.535	1007.447	1.448351	7.162493
5952	-4473.612	-5481.06	1007.447	1.448351	7.162493
5958	-4467.765	-5474.36	1006.595	1.348523	7.672902
5964	-4470.285	-5476.837	1006.552	1.404108	7.666071
5970	-4474.689	-5481.213	1006.524	1.422045	7.671477
5976	-4446.277	-5452.823	1006.546	1.448413	7.645988
5982	-4453.485	-5460.812	1007.327	1.530237	7.183367
5988	-4460.428	-5468.227	1007.798	1.530237	6.929645
5994	-4438.917	-5446.821	1007.904	1.445631	6.918156
6000	-4449.059	-5456.803	1007.743	1.47354	6.989666
6006	-4456.419	-5464.325	1007.906	1.436867	6.921933
6012	-4458.203	-5463.327	1005.125	1.397576	8.430673
6018	-4461.068	-5466.297	1005.229	1.29354	8.430673
6024	-4445.895	-5450.276	1004.382	1.319437	8.866402
6030	-4459.347	-5464.538	1005.191	1.361747	8.414708
6036	-4434.789	-5440.274	1005.484	1.361747	8.258516
6042	-4434.783	-5441.633	1006.851	1.413098	7.501713
6048	-4433.651	-5438.671	1005.02	1.366309	8.502765
6054	-4420.823	-5426.659	1005.837	1.312168	8.097317
6060	-4451.874	-5457.13	1005.256	1.409017	8.355109
6066	-4457.806	-5460.801	1002.995	1.285102	9.617764
6072	-4469.463	-5475.65	1006.188	1.437548	7.84327
6078	-4459.548	-5464.993	1005.446	1.417526	8.249526
6084	-4445.011	-5450.552	1005.541	1.423986	8.195201
6090	-4428.832	-5437.743	1008.911	1.496849	6.345963
6096	-4427.731	-5435.44	1007.71	1.450765	7.020065
6102	-4441.134	-5447.374	1006.24	1.450765	7.808071
6108	-4422.636	-5428.248	1005.613	1.346242	8.198555
6114	-4429.8	-5436.774	1006.974	1.363686	7.462238
6120	-4434.419	-5437.998	1003.579	1.312643	9.294733
6126	-4431.459	-5437.504	1006.045	1.352598	7.964554
6132	-4430.909	-5437.589	1006.68	1.468944	7.562952
6138	-4441.109	-5447.7	1006.592	1.392534	7.651278
6144	-4445.487	-5451.953	1006.466	1.42197	7.702745
6150	-4458.831	-5465.987	1007.156	1.45605	7.314765
6156	-4448.585	-5454.539	1005.954	1.43367	7.970122
6162	-4435.153	-5442.872	1007.719	1.43367	7.024266
6168	-4425.861	-5432.75	1006.889	1.409586	7.483257
6174	-4426.782	-5432.408	1005.626	1.409586	8.157482
6180	-4442.346	-5449.859	1007.512	1.413802	7.146152
6186	-4458.57	-5465.752	1007.182	1.413802	7.323618
6192	-4453.361	-5460.545	1007.184	1.420662	7.318604
6198	-4448.312	-5457.053	1008.741	1.496561	6.438202
6204	-4455.63	-5464.264	1008.634	1.565343	6.458984
6210	-4438.985	-5446.363	1007.378	1.450444	7.198556
6216	-4462.128	-5468.215	1006.087	1.441371	7.89464
6222	-4468.205	-5474.707	1006.503	1.378995	7.706132
6228	-4474.249	-5480.815	1006.566	1.260628	7.735769
6234	-4459.875	-5465.861	1005.986	1.426532	7.956691
6240	-4444.527	-5451.368	1006.842	1.439918	7.492158
6246	-4450.54	-5457.778	1007.238	1.446357	7.275841
6252	-4460.898	-5467.376	1006.478	1.375152	7.721364
6258	-4473.754	-5477.653	1003.898	1.286099	9.140027
6264	-4459.198	-5466.051	1006.854	1.426572	7.492766
6270	-4452.84	-5461.085	1008.246	1.480093	6.715246
6276	-4449.056	-5454.506	1005.449	1.411146	8.250888
6282	-4463.87	-5468.809	1004.939	1.433389	8.510337
6288	-4434.988	-5441.619	1006.631	1.425359	7.612753
6294	-4445.615	-5448.683	1003.068	1.279909	9.581993
6300	-4427.318	-5431.357	1004.04	1.305452	9.054962
6306	-4438.299	-5440.609	1002.31	1.240556	10.00195
6312	-4454.395	-5456.436	1002.041	1.230851	10.14877
6318	-4443.125	-5447.474	1004.349	1.282338	8.90347
6324	-4440.317	-5445.556	1005.238	1.245202	8.451296
6330	-4447.033	-5449.511	1002.478	1.245202	9.911127
6336	-4448.025	-5454.515	1006.49	1.345943	7.730446
6342	-4468.391	-5474.738	1006.346	1.391709	7.782864
6348	-4477.742	-5483.313	1005.571	1.381996	8.201703
6354	-4451.56	-5458.729	1007.169	1.397114	7.339505
6360	-4459.509	-5465.722	1006.213	1.422259	7.837804
6366	-4464.856	-5469.993	1005.137	1.40106	8.422625
6372	-4448.533	-5454.612	1006.079	1.416284	7.912538
6378	-4450.517	-5456.863	1006.347	1.359905	7.79979
6384	-4452.351	-5459.412	1007.061	1.482511	7.351767
6390	-4459.74	-5466.329	1006.589	1.40768	7.644486
6396	-4459.608	-5466.262	1006.654	1.427013	7.59943
6402	-4454.007	-5460.475	1006.469	1.41871	7.703136
6408	-4470.769	-5478.882	1008.113	1.536296	6.75655
6414	-4475.745	-5483.504	1007.759	1.493149	6.970515
6420	-4474.293	-5482.123	1007.83	1.422722	6.970515
6426	-4496.777	-5504.203	1007.426	1.449505	7.173618
6432	-4483.175	-5491.197	1008.022	1.4177	6.869716
6438	-4472.921	-5479.462	1006.541	1.379246	7.685717
6444	-4457.548	-5465.759	1008.211	1.504009	6.72129
6450	-4457.702	-5467.407	1009.704	1.561012	5.878996
6456	-4456.601	-5466.036	1009.435	1.547398	6.033302
6462	-4451.38	-5460.798	1009.418	1.564393	6.033302
6468	-4449.094	-5457.991	1008.897	1.564393	6.317057
6474	-4456.234	-5465.366	1009.132	1.564393	6.189281
6480	-4489.423	-5498.071	1008.648	1.584111	6.441447
6486	-4487.51	-5495.68	1008.17	1.457427	6.768382
6492	-4500.412	-5507.756	1007.343	1.386665	7.251656
6498	-4486.808	-5494.099	1007.291	1.43864	7.251656
6504	-4475.702	-5484.976	1009.274	1.560927	6.113775
6510	-4473.472	-5481.8	1008.328	1.520184	6.648972
6516	-4455.428	-5462.782	1007.353	1.485605	7.192976
6522	-4450.05	-5457.951	1007.9	1.485605	6.898623
6528	-4451.417	-5459.155	1007.739	1.475425	6.991339
6534	-4469.8	-5477.164	1007.364	1.431536	7.216592
6540	-4463.656	-5471.034	1007.377	1.489127	7.178255
6546	-4444.398	-5452.772	1008.375	1.511847	6.628377
6552	-4442.654	-5451.135	1008.48	1.460958	6.598712
6558	-4438.795	-5448.203	1009.408	1.515379	6.065728
6564	-4432.202	-5441.007	1008.805	1.478733	6.413298
6570	-4429.622	-5438.927	1009.305	1.528401	6.114567
6576	-4438.141	-5447.142	1009.001	1.576685	6.253697
6582	-4444.384	-5453.343	1008.96	1.507993	6.31352
6588	-4446.032	-5456.3	1010.268	1.507993	5.599427
6594	-4454.658	-5463.5	1008.841	1.467036	6.399845
6600	-4452.141	-5460.153	1008.012	1.391397	6.889457
6606	-4423.453	-5431.528	1008.075	1.410328	6.845088
6612	-4444.266	-5451.722	1007.455	1.372426	7.199116
6618	-4442.853	-5447.999	1005.146	1.331921	8.454124
6624	-4448.855	-5454.715	1005.86	1.331921	8.074478
6630	-4472.286	-5477.736	1005.451	1.389222	8.261826
6636	-4459.309	-5466.008	1006.699	1.415741	7.581346
6642	-4440.912	-5449.165	1008.253	1.505958	6.697583
6648	-4450.826	-5457.601	1006.775	1.342041	7.580176
6654	-4442.234	-5448.601	1006.366	1.399755	7.767917
6660	-4450.835	-5458.97	1008.134	1.486057	6.772137
6666	-4443.235	-5452.168	1008.934	1.554353	6.302496
6672	-4438.795	-5447.406	1008.611	1.54058	6.484832
6678	-4441.865	-5448.725	1006.861	1.452103	7.475323
6684	-4428.526	-5437.572	1009.046	1.564734	6.235568
6690	-4422.844	-5432.65	1009.806	1.546593	5.83116
6696	-4442.752	-5452.016	1009.264	1.546593	6.126772
6702	-4436.573	-5445.457	1008.884	1.529609	6.342766
6708	-4431.423	-5440.315	1008.892	1.522064	6.342766
6714	-4446.876	-5456.743	1009.867	1.590004	5.774169
6720	-4432.377	-5442.513	1010.137	1.576175	5.633869
6726	-4437.213	-5446.918	1009.705	1.555196	5.881987
6732	-4419.632	-5428.348	1008.716	1.532666	6.432297
6738	-4443.561	-5453.02	1009.459	1.527195	6.031332
6744	-4450.162	-5461.928	1011.766	1.728067	4.647115
6750	-4451.347	-5462.621	1011.274	1.710509	4.931532
6756	-4480.094	-5491.95	1011.856	1.710509	4.606665
6762	-4469.11	-5480.933	1011.823	1.743105	4.606665
6768	-4448.115	-5459.832	1011.717	1.731435	4.672426
6774	-4459.142	-5471.265	1012.122	1.731435	4.444988
6780	-4431.631	-5443.697	1012.066	1.751504	4.465272
6786	-4427.376	-5440.327	1012.951	1.841481	3.911676
6792	-4441.238	-5453.708	1012.47	1.841481	4.186092
6798	-4450.389	-5462.974	1012.585	1.841481	4.120956
6804	-4440.114	-5451.813	1011.699	1.718667	4.689987
6810	-4426.816	-5439.236	1012.42	1.747285	4.267768
6816	-4426.948	-5439.382	1012.434	1.733216	4.267768
6822	-4440.734	-5453.029	1012.295	1.771693	4.324628
6828	-4428.04	-5438.788	1010.749	1.663815	5.248807
6834	-4437.878	-5449.802	1011.925	1.680827	4.584536
6840	-4425.984	-5437.871	1011.887	1.718728	4.584536
6846	-4430.827	-5443.008	1012.182	1.726709	4.414176
6852	-4435.581	-5448.56	1012.978	1.80119	3.919075
6858	-4425.933	-5439.522	1013.589	1.867507	3.52817
6864	-4443.824	-5457.005	1013.181	1.853379	3.772593
6870	-4455.585	-5469.133	1013.547	1.914748	3.524781
6876	-4450.499	-5463.362	1012.863	1.801191	3.985218
6882	-4462.846	-5475.177	1012.332	1.697117	4.3463
6888	-4475.774	-5487.86	1012.086	1.697117	4.484844
6894	-4472.288	-5483.212	1010.924	1.614489	5.17903
6900	-4466.636	-5476.567	1009.931	1.558323	5.75669
6906	-4463.131	-5471.594	1008.463	1.531571	6.569898
6912	-4475.349	-5485.635	1010.286	1.600236	5.538616
6918	-4477.75	-5488.222	1010.473	1.561803	5.457191
6924	-4466.995	-5476.067	1009.073	1.523744	6.243594
6930	-4453.206	-5463.246	1010.039	1.507657	5.724909
6936	-4459.702	-5469.708	1010.006	1.541263	5.724909
6942	-4458.027	-5468.75	1010.723	1.60883	5.293333
6948	-4469.925	-5481.169	1011.244	1.605978	5.00628
6954	-4461.57	-5472.198	1010.628	1.591939	5.355065
6960	-4455.883	-5466.157	1010.274	1.591939	5.549697
6966	-4460.358	-5470.884	1010.526	1.601387	5.406009
6972	-4452.484	-5462.332	1009.848	1.583816	5.787988
6978	-4446.701	-5456.843	1010.142	1.583444	5.627019
6984	-4449.686	-5459.836	1010.15	1.575372	5.627019
6990	-4455.006	-5464.488	1009.482	1.448636	6.061862
6996	-4439.129	-5448.123	1008.994	1.462354	6.319459
7002	-4443.864	-5451.837	1007.973	1.399727	6.905779
7008	-4448.057	-5457.24	1009.184	1.455432	6.220325
7014	-4468.277	-5477.021	1008.744	1.425287	6.475212
7020	-4460.734	-5468.52	1007.786	1.424659	6.993106
7026	-4472.39	-5478.7	1006.31	1.313605	7.844051
7032	-4512.239	-5519.762	1007.522	1.43285	7.130545
7038	-4510.29	-5517.022	1006.732	1.420938	7.560796
7044	-4485.044	-5493.696	1008.652	1.487399	6.491374
7050	-4463.18	-5471.41	1008.23	1.520908	6.701806
7056	-4470.56	-5480.096	1009.536	1.565618	5.968157
7062	-4467.386	-5476.088	1008.702	1.50602	6.45421
7068	-4451.343	-5459.99	1008.647	1.543686	6.463627
7074	-4456.976	-5464.506	1007.53	1.427406	7.129539
7080	-4439.548	-5446.687	1007.14	1.363527	7.373324
7086	-4437.244	-5444.323	1007.079	1.424201	7.373324
7092	-4452.285	-5460.126	1007.84	1.398413	6.97805
7098	-4467.9	-5474.154	1006.253	1.308046	7.877231
7104	-4465.404	-5471.293	1005.889	1.380848	8.03266
7110	-4452.516	-5459.281	1006.765	1.364477	7.573385
7116	-4456.007	-5462.773	1006.765	1.364477	7.573385
7122	-4461.992	-5468.738	1006.746	1.383881	7.573385
7128	-4439.203	-5446.907	1007.705	1.468322	7.013421
7134	-4432.61	-5439.788	1007.179	1.356778	7.355996
7140	-4427.305	-5433.706	1006.401	1.345625	7.778183
7146	-4446.572	-5453.618	1007.046	1.337492	7.437752
7152	-4464.276	-5471.288	1007.012	1.370589	7.437752
7158	-4449.249	-5457.716	1008.468	1.414992	6.630558
7164	-4456.381	-5466.412	1010.031	1.569901	5.695164
7170	-4445.998	-5454.967	1008.968	1.503669	6.311222
7176	-4457.912	-5467.485	1009.573	1.530578	5.967312
7182	-4467.848	-5476.862	1009.014	1.503527	6.286458
7188	-4451.8	-5461.393	1009.593	1.49171	5.977436
7194	-4460.58	-5469.538	1008.958	1.49171	6.323468
7200	-4451.695	-5460.485	1008.79	1.49171	6.414495
7206	-4440.519	-5449.356	1008.837	1.444781	6.414495
7212	-4444.651	-5454.21	1009.559	1.457764	6.014888
7218	-4452.149	-5461.376	1009.227	1.518692	6.162431
7224	-4468.842	-5478.106	1009.264	1.481956	6.162431
7230	-4472.442	-5481.25	1008.808	1.464279	6.41943
7236	-4464.958	-5471.869	1006.911	1.401385	7.475682
7242	-4480.371	-5485.202	1004.831	1.324854	8.625345
7248	-4469.172	-5474.11	1004.938	1.249991	8.608405
7254	-4467.978	-5472.075	1004.096	1.213873	9.0737
7260	-4457.998	-5461.384	1003.386	1.20358	9.45439
7266	-4485.625	-5489.609	1003.984	1.233697	9.122413
7272	-4465.292	-5468.026	1002.734	1.256264	9.770431
7278	-4455.535	-5459.307	1003.772	1.348796	9.173781
7284	-4449.106	-5453.816	1004.711	1.26453	8.721154
7290	-4459.716	-5466.371	1006.655	1.411288	7.607278
7296	-4454.902	-5461.673	1006.771	1.364489	7.570372
7302	-4462.208	-5468.606	1006.398	1.349864	7.777801
7308	-4455.443	-5462.046	1006.603	1.355245	7.665372
7314	-4449.816	-5453.591	1003.775	1.351073	9.170745
7320	-4446.705	-5450.703	1003.997	1.26149	9.100804
7326	-4459.789	-5463.175	1003.386	1.26149	9.423726
7332	-4453.907	-5457.295	1003.388	1.259392	9.423726
7338	-4444.175	-5449.921	1005.745	1.40794	8.095061
7344	-4424.833	-5430.344	1005.511	1.410952	8.218376
7350	-4437.218	-5444.458	1007.239	1.387386	7.306975
7356	-4461.565	-5469.297	1007.732	1.348871	7.062775
7362	-4445.647	-5453.549	1007.902	1.389384	6.949391
7368	-4443.977	-5451.919	1007.942	1.436363	6.902616
7374	-4441.546	-5449.417	1007.871	1.4572	6.929993
7380	-4446.159	-5455.106	1008.946	1.486909	6.332215
7386	-4455.016	-5463.963	1008.946	1.486909	6.332215
7392	-4458.788	-5467.302	1008.514	1.496958	6.561241
7398	-4458.417	-5466.93	1008.513	1.497357	6.561241
7404	-4463.135	-5472.432	1009.297	1.589797	6.085292
7410	-4453.461	-5460.367	1006.906	1.422579	7.466883
7416	-4438.529	-5445.344	1006.815	1.443041	7.504535
7422	-4448.863	-5457.072	1008.209	1.484053	6.733067
7428	-4470.355	-5480.502	1010.147	1.535286	5.650855
7434	-4465.146	-5475.305	1010.159	1.522555	5.650855
7440	-4460.656	-5469.691	1009.035	1.522555	6.264789
7446	-4455.951	-5466.71	1010.759	1.610564	5.272372
7452	-4456.303	-5465.305	1009.002	1.537649	6.27453
7458	-4458.003	-5467.013	1009.01	1.528981	6.27453
7464	-4461.871	-5470.485	1008.614	1.49605	6.507341
7470	-4465.584	-5474.736	1009.152	1.590477	6.164303
7476	-4447.037	-5455.934	1008.897	1.520283	6.340683
7482	-4440.387	-5448.219	1007.832	1.466025	6.945777
7488	-4459.009	-5467.48	1008.47	1.535405	6.563905
7494	-4466.964	-5475.212	1008.248	1.436092	6.737782
7500	-4472.406	-5479.151	1006.744	1.343936	7.595699
7506	-4459.291	-5465.45	1006.159	1.332668	7.914468
7512	-4464.427	-5470.465	1006.038	1.36672	7.960781
7518	-4487.28	-5494.775	1007.495	1.433816	7.144757
7524	-4468.613	-5475.712	1007.1	1.409119	7.370262
7530	-4468.978	-5476.135	1007.157	1.352029	7.370262
7536	-4481.754	-5488.087	1006.333	1.42563	7.771659
7542	-4484.293	-5492.063	1007.77	1.452353	6.986883
7548	-4478.769	-5486.576	1007.808	1.414611	6.986883
7554	-4462.594	-5468.57	1005.976	1.352453	8.001626
7560	-4449.678	-5453.591	1003.914	1.292383	9.128682
7566	-4442.334	-5446.31	1003.976	1.229834	9.128682
7572	-4444.343	-5448.767	1004.424	1.300728	8.853835
7578	-4443.234	-5447.951	1004.717	1.321035	8.687974
7584	-4459.654	-5465.761	1006.107	1.431834	7.889293
7590	-4467.182	-5473.411	1006.229	1.310148	7.889293
7596	-4486.269	-5491.965	1005.696	1.293359	8.182126
7602	-4469.229	-5475.134	1005.905	1.385594	8.021882
7608	-4463.986	-5470.654	1006.668	1.436727	7.587052
7614	-4468.725	-5475.775	1007.051	1.355722	7.425231
7620	-4448.641	-5456.144	1007.503	1.355722	7.182434
7626	-4445.308	-5449.257	1003.949	1.324569	9.092912
7632	-4474.424	-5481.316	1006.892	1.347151	7.514681
7638	-4454.668	-5460.462	1005.794	1.39315	8.076841
7644	-4443.198	-5451.886	1008.688	1.38125	6.529526
7650	-4467.551	-5473.574	1006.023	1.399316	7.951354
7656	-4459.654	-5465.182	1005.528	1.357482	8.237466
7662	-4462.225	-5468.739	1006.513	1.357482	7.71194
7668	-4432.664	-5438.746	1006.082	1.364741	7.93823
7674	-4446.704	-5452.795	1006.091	1.352293	7.940164
7680	-4459.067	-5465.62	1006.553	1.391026	7.67279
7686	-4446.119	-5453.934	1007.814	1.42458	6.977807
7692	-4431.796	-5438.113	1006.316	1.377232	7.806603
7698	-4430.057	-5436.993	1006.936	1.377232	7.475062
7704	-4458.216	-5464.331	1006.115	1.311946	7.949075
7710	-4443.506	-5447.014	1003.508	1.36274	9.306137
7716	-4446.187	-5449.81	1003.623	1.247014	9.306137
7722	-4451.611	-5455.303	1003.692	1.178727	9.306137
7728	-4446.617	-5450.229	1003.612	1.231946	9.320067
7734	-4447.907	-5454.855	1006.949	1.326379	7.495562
7740	-4457.223	-5463.672	1006.449	1.368616	7.740484
7746	-4466.572	-5472.292	1005.72	1.277793	8.177851
7752	-4468.858	-5471.736	1002.878	1.277793	9.683473
7758	-4476.651	-5480.155	1003.504	1.210501	9.388547
7764	-4484.885	-5490.365	1005.479	1.351701	8.266485
7770	-4467.637	-5472.118	1004.482	1.364259	8.789835
7776	-4482.153	-5486.663	1004.51	1.309857	8.803435
7782	-4472.08	-5474.591	1002.511	1.248346	9.892359
7788	-4451.862	-5458.513	1006.651	1.433139	7.597762
